[     176ms] [ERROR] Failed to load resource: the server responded with a status of 500 (Internal Server Error) @ http://localhost:3010/:0
[    1968ms] [INFO] %cDownload the React DevTools for a better development experience: https://react.dev/link/react-devtools font-weight:bold @ webpack-internal:///(app-pages-browser)/../../node_modules/.pnpm/next@16.1.1_@babel+core@7.2_44ddf4d2a14008cea0ed17b1d2e3ad2c/node_modules/next/dist/next-devtools/shared/forward-logs-shared.js:27
[    2039ms] [ERROR] %c%s%c getActiveBanners: background: #e6e6e6;background: light-dark(rgba(0,0,0,0.1), rgba(255,255,255,0.25));color: #000000;color: light-dark(#000000, #ffffff);border-radius: 2px  Server   Error: SUPABASE_SERVICE_ROLE_KEY 환경 변수가 설정되지 않았습니다
    at createAdminClient (about://React/Server/webpack-internal:///(rsc)/../../packages/lib/supabase/admin.ts?0:15:15)
    at getActiveBanners (about://React/Server/webpack-internal:///(rsc)/../../actions/banner-actions.ts?1:23:96)
    at PublicLayout (about://React/Server/webpack-internal:///(rsc)/./app/(public)/layout.tsx?2:27:99)
    at Object.apply (about://React/Server/webpack-internal:///(rsc)/./app/(public)/layout.tsx?3:99:10)
    at resolveErrorDev (webpack-internal:///(app-pages-browser)/../../node_modules/.pnpm/next@16.1.1_@babel+core@7.2_44ddf4d2a14008cea0ed17b1d2e3ad2c/node_modules/next/dist/compiled/react-server-dom-webpack/cjs/react-server-dom-webpack-client.browser.development.js:3189:48)
    at getOutlinedModel (webpack-internal:///(app-pages-browser)/../../node_modules/.pnpm/next@16.1.1_@babel+core@7.2_44ddf4d2a14008cea0ed17b1d2e3ad2c/node_modules/next/dist/compiled/react-server-dom-webpack/cjs/react-server-dom-webpack-client.browser.development.js:2426:22)
    at parseModelString (webpack-internal:///(app-pages-browser)/../../node_modules/.pnpm/next@16.1.1_@babel+core@7.2_44ddf4d2a14008cea0ed17b1d2e3ad2c/node_modules/next/dist/compiled/react-server-dom-webpack/cjs/react-server-dom-webpack-client.browser.development.js:2625:15)
    at Object.eval (webpack-internal:///(app-pages-browser)/../../node_modules/.pnpm/next@16.1.1_@babel+core@7.2_44ddf4d2a14008cea0ed17b1d2e3ad2c/node_modules/next/dist/compiled/react-server-dom-webpack/cjs/react-server-dom-webpack-client.browser.development.js:4545:18)
    at JSON.parse (<anonymous>)
    at initializeModelChunk (webpack-internal:///(app-pages-browser)/../../node_modules/.pnpm/next@16.1.1_@babel+core@7.2_44ddf4d2a14008cea0ed17b1d2e3ad2c/node_modules/next/dist/compiled/react-server-dom-webpack/cjs/react-server-dom-webpack-client.browser.development.js:1829:26)
    at getOutlinedModel (webpack-internal:///(app-pages-browser)/../../node_modules/.pnpm/next@16.1.1_@babel+core@7.2_44ddf4d2a14008cea0ed17b1d2e3ad2c/node_modules/next/dist/compiled/react-server-dom-webpack/cjs/react-server-dom-webpack-client.browser.development.js:2331:11)
    at parseModelString (webpack-internal:///(app-pages-browser)/../../node_modules/.pnpm/next@16.1.1_@babel+core@7.2_44ddf4d2a14008cea0ed17b1d2e3ad2c/node_modules/next/dist/compiled/react-server-dom-webpack/cjs/react-server-dom-webpack-client.browser.development.js:2721:15)
    at Array.eval (webpack-internal:///(app-pages-browser)/../../node_modules/.pnpm/next@16.1.1_@babel+core@7.2_44ddf4d2a14008cea0ed17b1d2e3ad2c/node_modules/next/dist/compiled/react-server-dom-webpack/cjs/react-server-dom-webpack-client.browser.development.js:4545:18)
    at JSON.parse (<anonymous>)
    at initializeModelChunk (webpack-internal:///(app-pages-browser)/../../node_modules/.pnpm/next@16.1.1_@babel+core@7.2_44ddf4d2a14008cea0ed17b1d2e3ad2c/node_modules/next/dist/compiled/react-server-dom-webpack/cjs/react-server-dom-webpack-client.browser.development.js:1829:26)
    at resolveConsoleEntry (webpack-internal:///(app-pages-browser)/../../node_modules/.pnpm/next@16.1.1_@babel+core@7.2_44ddf4d2a14008cea0ed17b1d2e3ad2c/node_modules/next/dist/compiled/react-server-dom-webpack/cjs/react-server-dom-webpack-client.browser.development.js:3480:13)
    at processFullStringRow (webpack-internal:///(app-pages-browser)/../../node_modules/.pnpm/next@16.1.1_@babel+core@7.2_44ddf4d2a14008cea0ed17b1d2e3ad2c/node_modules/next/dist/compiled/react-server-dom-webpack/cjs/react-server-dom-webpack-client.browser.development.js:4396:11)
    at processFullBinaryRow (webpack-internal:///(app-pages-browser)/../../node_modules/.pnpm/next@16.1.1_@babel+core@7.2_44ddf4d2a14008cea0ed17b1d2e3ad2c/node_modules/next/dist/compiled/react-server-dom-webpack/cjs/react-server-dom-webpack-client.browser.development.js:4292:7)
    at processBinaryChunk (webpack-internal:///(app-pages-browser)/../../node_modules/.pnpm/next@16.1.1_@babel+core@7.2_44ddf4d2a14008cea0ed17b1d2e3ad2c/node_modules/next/dist/compiled/react-server-dom-webpack/cjs/react-server-dom-webpack-client.browser.development.js:4515:19)
    at progress (webpack-internal:///(app-pages-browser)/../../node_modules/.pnpm/next@16.1.1_@babel+core@7.2_44ddf4d2a14008cea0ed17b1d2e3ad2c/node_modules/next/dist/compiled/react-server-dom-webpack/cjs/react-server-dom-webpack-client.browser.development.js:4789:9) @ webpack-internal:///(app-pages-browser)/../../node_modules/.pnpm/next@16.1.1_@babel+core@7.2_44ddf4d2a14008cea0ed17b1d2e3ad2c/node_modules/next/dist/next-devtools/userspace/app/errors/intercept-console-error.js:51
[    2065ms] [LOG] [HMR] connected @ webpack-internal:///(app-pages-browser)/../../node_modules/.pnpm/next@16.1.1_@babel+core@7.2_44ddf4d2a14008cea0ed17b1d2e3ad2c/node_modules/next/dist/next-devtools/shared/forward-logs-shared.js:27
[    2147ms] Error: SUPABASE_SERVICE_ROLE_KEY 환경 변수가 설정되지 않았습니다
    at createAdminClient (about://React/Server/webpack-internal:///(rsc)/../../packages/lib/supabase/admin.ts?13:15:15)
    at getRecentNotices (about://React/Server/webpack-internal:///(rsc)/../../actions/notice-actions.ts?14:43:92)
    at Home (about://React/Server/webpack-internal:///(rsc)/./app/(public)/page.tsx?15:55:82)
    at Object.apply (about://React/Server/webpack-internal:///(rsc)/./app/(public)/page.tsx?16:169:10)
    at resolveErrorDev (webpack-internal:///(app-pages-browser)/../../node_modules/.pnpm/next@16.1.1_@babel+core@7.2_44ddf4d2a14008cea0ed17b1d2e3ad2c/node_modules/next/dist/compiled/react-server-dom-webpack/cjs/react-server-dom-webpack-client.browser.development.js:3190:30)
    at processFullStringRow (webpack-internal:///(app-pages-browser)/../../node_modules/.pnpm/next@16.1.1_@babel+core@7.2_44ddf4d2a14008cea0ed17b1d2e3ad2c/node_modules/next/dist/compiled/react-server-dom-webpack/cjs/react-server-dom-webpack-client.browser.development.js:4349:23)
    at processFullBinaryRow (webpack-internal:///(app-pages-browser)/../../node_modules/.pnpm/next@16.1.1_@babel+core@7.2_44ddf4d2a14008cea0ed17b1d2e3ad2c/node_modules/next/dist/compiled/react-server-dom-webpack/cjs/react-server-dom-webpack-client.browser.development.js:4292:7)
    at processBinaryChunk (webpack-internal:///(app-pages-browser)/../../node_modules/.pnpm/next@16.1.1_@babel+core@7.2_44ddf4d2a14008cea0ed17b1d2e3ad2c/node_modules/next/dist/compiled/react-server-dom-webpack/cjs/react-server-dom-webpack-client.browser.development.js:4515:19)
    at progress (webpack-internal:///(app-pages-browser)/../../node_modules/.pnpm/next@16.1.1_@babel+core@7.2_44ddf4d2a14008cea0ed17b1d2e3ad2c/node_modules/next/dist/compiled/react-server-dom-webpack/cjs/react-server-dom-webpack-client.browser.development.js:4789:9)
[    5375ms] [WARNING] The resource http://localhost:3010/_next/static/css/app/layout.css?v=1781308828764 was preloaded using link preload but not used within a few seconds from the window's load event. Please make sure it has an appropriate `as` value and it is preloaded intentionally. @ http://localhost:3010/:0
[  462407ms] [LOG] [Fast Refresh] rebuilding @ webpack-internal:///(app-pages-browser)/../../node_modules/.pnpm/next@16.1.1_@babel+core@7.2_44ddf4d2a14008cea0ed17b1d2e3ad2c/node_modules/next/dist/next-devtools/shared/forward-logs-shared.js:27
[  464977ms] [WARNING] [Fast Refresh] performing full reload because your application had an unrecoverable error @ webpack-internal:///(app-pages-browser)/../../node_modules/.pnpm/next@16.1.1_@babel+core@7.2_44ddf4d2a14008cea0ed17b1d2e3ad2c/node_modules/next/dist/next-devtools/shared/forward-logs-shared.js:27
[  466843ms] [LOG] [Fast Refresh] rebuilding @ webpack-internal:///(app-pages-browser)/../../node_modules/.pnpm/next@16.1.1_@babel+core@7.2_44ddf4d2a14008cea0ed17b1d2e3ad2c/node_modules/next/dist/next-devtools/shared/forward-logs-shared.js:27
[  467986ms] [WARNING] The resource http://localhost:3010/_next/static/css/app/layout.css?v=1781308828764 was preloaded using link preload but not used within a few seconds from the window's load event. Please make sure it has an appropriate `as` value and it is preloaded intentionally. @ http://localhost:3010/:0
[  470313ms] [WARNING] [Fast Refresh] performing full reload

Fast Refresh will perform a full reload when you edit a file that's imported by modules outside of the React rendering tree.
You might have a file which exports a React component but also exports a value that is imported by a non-React component file.
Consider migrating the non-React component export to a separate file and importing it into both files.

It is also possible the parent component of the component you edited is a class component, which disables Fast Refresh.
Fast Refresh requires at least one parent function component in your React tree. @ webpack-internal:///(app-pages-browser)/../../node_modules/.pnpm/next@16.1.1_@babel+core@7.2_44ddf4d2a14008cea0ed17b1d2e3ad2c/node_modules/next/dist/next-devtools/shared/forward-logs-shared.js:27
[  470434ms] [LOG] [Fast Refresh] rebuilding @ webpack-internal:///(app-pages-browser)/../../node_modules/.pnpm/next@16.1.1_@babel+core@7.2_44ddf4d2a14008cea0ed17b1d2e3ad2c/node_modules/next/dist/next-devtools/shared/forward-logs-shared.js:27
[  470760ms] [LOG] [Fast Refresh] done in 326ms @ webpack-internal:///(app-pages-browser)/../../node_modules/.pnpm/next@16.1.1_@babel+core@7.2_44ddf4d2a14008cea0ed17b1d2e3ad2c/node_modules/next/dist/next-devtools/shared/forward-logs-shared.js:27
[  473908ms] [INFO] %cDownload the React DevTools for a better development experience: https://react.dev/link/react-devtools font-weight:bold @ webpack-internal:///(app-pages-browser)/../../node_modules/.pnpm/next@16.1.1_@babel+core@7.2_44ddf4d2a14008cea0ed17b1d2e3ad2c/node_modules/next/dist/next-devtools/shared/forward-logs-shared.js:27
[  474194ms] [LOG] %c%s%c attachments 컬럼이 없습니다. 기본 필드만 조회합니다. background: #e6e6e6;background: light-dark(rgba(0,0,0,0.1), rgba(255,255,255,0.25));color: #000000;color: light-dark(#000000, #ffffff);border-radius: 2px  Server   @ webpack-internal:///(app-pages-browser)/../../node_modules/.pnpm/next@16.1.1_@babel+core@7.2_44ddf4d2a14008cea0ed17b1d2e3ad2c/node_modules/next/dist/next-devtools/shared/forward-logs-shared.js:27
[  474195ms] [ERROR] %c%s%c 카테고리별 공지사항 조회 실패: background: #e6e6e6;background: light-dark(rgba(0,0,0,0.1), rgba(255,255,255,0.25));color: #000000;color: light-dark(#000000, #ffffff);border-radius: 2px  Server   {code: 42703, details: null, hint: null, message: column notices.attachments does not exist} @ webpack-internal:///(app-pages-browser)/../../node_modules/.pnpm/next@16.1.1_@babel+core@7.2_44ddf4d2a14008cea0ed17b1d2e3ad2c/node_modules/next/dist/next-devtools/userspace/app/errors/intercept-console-error.js:51
[  474238ms] [LOG] [HMR] connected @ webpack-internal:///(app-pages-browser)/../../node_modules/.pnpm/next@16.1.1_@babel+core@7.2_44ddf4d2a14008cea0ed17b1d2e3ad2c/node_modules/next/dist/next-devtools/shared/forward-logs-shared.js:27
[  474479ms] [LOG] %c[Vercel Web Analytics]%c Debug mode is enabled by default in development. No requests will be sent to the server. color: rgb(120, 120, 120) color: inherit @ webpack-internal:///(app-pages-browser)/../../node_modules/.pnpm/next@16.1.1_@babel+core@7.2_44ddf4d2a14008cea0ed17b1d2e3ad2c/node_modules/next/dist/next-devtools/shared/forward-logs-shared.js:27
[  474480ms] [LOG] %c[Vercel Web Analytics]%c [view] http://localhost:3010/ color: rgb(120, 120, 120) color: inherit {o: http://localhost:3010/, sv: 0.1.3, sdkn: @vercel/analytics/react, sdkv: 1.6.1, ts: 1781309303161} /_vercel/insights/view @ webpack-internal:///(app-pages-browser)/../../node_modules/.pnpm/next@16.1.1_@babel+core@7.2_44ddf4d2a14008cea0ed17b1d2e3ad2c/node_modules/next/dist/next-devtools/shared/forward-logs-shared.js:27
[  474485ms] [WARNING] Note: Some companies are required to obtain a license to use Remotion. See: https://remotion.dev/license
Pass the `acknowledgeRemotionLicense` prop to `<Player />` function to make this message disappear. @ webpack-internal:///(app-pages-browser)/../../node_modules/.pnpm/next@16.1.1_@babel+core@7.2_44ddf4d2a14008cea0ed17b1d2e3ad2c/node_modules/next/dist/next-devtools/shared/forward-logs-shared.js:27
[  474666ms] [LOG] %c[Vercel Speed Insights]%c Debug mode is enabled by default in development. No requests will be sent to the server. color: rgb(120, 120, 120) color: inherit @ webpack-internal:///(app-pages-browser)/../../node_modules/.pnpm/next@16.1.1_@babel+core@7.2_44ddf4d2a14008cea0ed17b1d2e3ad2c/node_modules/next/dist/next-devtools/shared/forward-logs-shared.js:27
[  474669ms] [ERROR] Failed to load resource: the server responded with a status of 400 () @ https://clerk.gwatc.cloud/v1/client?__clerk_api_version=2025-11-10&_clerk_js_version=5.125.13:0
[  474670ms] [ERROR] Failed to load resource: the server responded with a status of 400 () @ https://clerk.gwatc.cloud/v1/environment?__clerk_api_version=2025-11-10&_clerk_js_version=5.125.13:0
[  474702ms] [ERROR] e: Clerk: Production Keys are only allowed for domain "gwatc.cloud". 
API Error: The Request HTTP Origin header must be equal to or a subdomain of the requesting URL.
    at https://clerk.gwatc.cloud/npm/@clerk/clerk-js@5/dist/clerk.browser.js:2:7306
    at u._baseFetch (https://clerk.gwatc.cloud/npm/@clerk/clerk-js@5/dist/clerk.browser.js:3:38)
    at async d.execute (https://clerk.gwatc.cloud/npm/@clerk/clerk-js@5/dist/clerk.browser.js:2:5350)
    at async s._baseGet (https://clerk.gwatc.cloud/npm/@clerk/clerk-js@5/dist/clerk.browser.js:3:567)
    at async Promise.all (index 1)
    at async #U (https://clerk.gwatc.cloud/npm/@clerk/clerk-js@5/dist/clerk.browser.js:5:73602)
    at async e5.load (https://clerk.gwatc.cloud/npm/@clerk/clerk-js@5/dist/clerk.browser.js:5:34383)
    at async _IsomorphicClerk.loadClerkJS (webpack-internal:///(app-pages-browser)/../../node_modules/.pnpm/@clerk+clerk-react@5.59.0_r_9b6cab8f62a8deaaccdbe0852cd4a42d/node_modules/@clerk/clerk-react/dist/index.mjs:1720:9) @ webpack-internal:///(app-pages-browser)/../../node_modules/.pnpm/next@16.1.1_@babel+core@7.2_44ddf4d2a14008cea0ed17b1d2e3ad2c/node_modules/next/dist/next-devtools/userspace/app/errors/intercept-console-error.js:51
