[   14659ms] [INFO] %cDownload the React DevTools for a better development experience: https://react.dev/link/react-devtools font-weight:bold @ http://localhost:3002/_next/static/chunks/fdf70_next_dist_ddd832aa._.js:2297
[   14732ms] [LOG] [HMR] connected @ http://localhost:3002/_next/static/chunks/fdf70_next_dist_ddd832aa._.js:2297
[   14812ms] [ERROR] Failed to load resource: the server responded with a status of 404 (Not Found) @ http://localhost:3002/favicon.ico:0
[   15108ms] [ERROR] Failed to load resource: the server responded with a status of 400 () @ https://clerk.gwatc.cloud/v1/client?__clerk_api_version=2025-11-10&_clerk_js_version=5.125.10:0
[   15164ms] [ERROR] Failed to load resource: the server responded with a status of 400 () @ https://clerk.gwatc.cloud/v1/environment?__clerk_api_version=2025-11-10&_clerk_js_version=5.125.10:0
[   15165ms] [ERROR] e: Clerk: Production Keys are only allowed for domain "gwatc.cloud". 
API Error: The Request HTTP Origin header must be equal to or a subdomain of the requesting URL.
    at https://clerk.gwatc.cloud/npm/@clerk/clerk-js@5/dist/clerk.browser.js:2:7182
    at u._baseFetch (https://clerk.gwatc.cloud/npm/@clerk/clerk-js@5/dist/clerk.browser.js:3:38)
    at async d.execute (https://clerk.gwatc.cloud/npm/@clerk/clerk-js@5/dist/clerk.browser.js:2:5226)
    at async s._baseGet (https://clerk.gwatc.cloud/npm/@clerk/clerk-js@5/dist/clerk.browser.js:3:567)
    at async Promise.all (index 1)
    at async #U (https://clerk.gwatc.cloud/npm/@clerk/clerk-js@5/dist/clerk.browser.js:5:73576)
    at async e5.load (https://clerk.gwatc.cloud/npm/@clerk/clerk-js@5/dist/clerk.browser.js:5:34357)
    at async _IsomorphicClerk.loadClerkJS (http://localhost:3002/_next/static/chunks/node_modules__pnpm_4ff21e97._.js:11569:17) @ http://localhost:3002/_next/static/chunks/fdf70_next_dist_ddd832aa._.js:3127
[ 1598606ms] [LOG] [HMR] connected @ http://localhost:3002/_next/static/chunks/fdf70_next_dist_ddd832aa._.js:2297
[ 2999885ms] [LOG] [Fast Refresh] rebuilding @ http://localhost:3002/_next/static/chunks/fdf70_next_dist_ddd832aa._.js:2297
[ 2999918ms] [LOG] [Fast Refresh] done in 138ms @ http://localhost:3002/_next/static/chunks/fdf70_next_dist_ddd832aa._.js:2297
[ 3000026ms] [LOG] [Fast Refresh] rebuilding @ http://localhost:3002/_next/static/chunks/fdf70_next_dist_ddd832aa._.js:2297
[ 3002915ms] [LOG] [Fast Refresh] done in 2997ms @ http://localhost:3002/_next/static/chunks/fdf70_next_dist_ddd832aa._.js:2297
[ 3004522ms] [LOG] [Fast Refresh] rebuilding @ http://localhost:3002/_next/static/chunks/fdf70_next_dist_ddd832aa._.js:2297
[ 3004523ms] [LOG] [Fast Refresh] done in 108ms @ http://localhost:3002/_next/static/chunks/fdf70_next_dist_ddd832aa._.js:2297
[ 3004897ms] [LOG] [Fast Refresh] rebuilding @ http://localhost:3002/_next/static/chunks/fdf70_next_dist_ddd832aa._.js:2297
[ 3004961ms] [LOG] [Fast Refresh] done in 170ms @ http://localhost:3002/_next/static/chunks/fdf70_next_dist_ddd832aa._.js:2297
[ 3005396ms] [LOG] [Fast Refresh] rebuilding @ http://localhost:3002/_next/static/chunks/fdf70_next_dist_ddd832aa._.js:2297
[ 3005523ms] [LOG] [Fast Refresh] done in 235ms @ http://localhost:3002/_next/static/chunks/fdf70_next_dist_ddd832aa._.js:2297
