[     295ms] [LOG] %c[Vercel Speed Insights]%c [vitals] color: rgb(120, 120, 120) color: inherit {speed: 4g, metrics: Array(3), scriptVersion: 0.1.3, sdkName: @vercel/speed-insights/next, sdkVersion: 1.3.1} /_vercel/speed-insights/vitals @ webpack-internal:///(app-pages-browser)/../../node_modules/.pnpm/next@16.1.1_@babel+core@7.2_44ddf4d2a14008cea0ed17b1d2e3ad2c/node_modules/next/dist/next-devtools/shared/forward-logs-shared.js:27
[     296ms] [LOG] %c[Vercel Speed Insights]%c [vitals] color: rgb(120, 120, 120) color: inherit {speed: 4g, metrics: Array(1), scriptVersion: 0.1.3, sdkName: @vercel/speed-insights/next, sdkVersion: 1.3.1} /_vercel/speed-insights/vitals @ webpack-internal:///(app-pages-browser)/../../node_modules/.pnpm/next@16.1.1_@babel+core@7.2_44ddf4d2a14008cea0ed17b1d2e3ad2c/node_modules/next/dist/next-devtools/shared/forward-logs-shared.js:27
[     838ms] [INFO] %cDownload the React DevTools for a better development experience: https://react.dev/link/react-devtools font-weight:bold @ webpack-internal:///(app-pages-browser)/../../node_modules/.pnpm/next@16.1.1_@babel+core@7.2_44ddf4d2a14008cea0ed17b1d2e3ad2c/node_modules/next/dist/next-devtools/shared/forward-logs-shared.js:27
[    1039ms] [LOG] %c%s%c attachments 컬럼이 없습니다. 기본 필드만 조회합니다. background: #e6e6e6;background: light-dark(rgba(0,0,0,0.1), rgba(255,255,255,0.25));color: #000000;color: light-dark(#000000, #ffffff);border-radius: 2px  Server   @ webpack-internal:///(app-pages-browser)/../../node_modules/.pnpm/next@16.1.1_@babel+core@7.2_44ddf4d2a14008cea0ed17b1d2e3ad2c/node_modules/next/dist/next-devtools/shared/forward-logs-shared.js:27
[    1040ms] [ERROR] %c%s%c 카테고리별 공지사항 조회 실패: background: #e6e6e6;background: light-dark(rgba(0,0,0,0.1), rgba(255,255,255,0.25));color: #000000;color: light-dark(#000000, #ffffff);border-radius: 2px  Server   column notices.attachments does not exist {code: 42703, details: null, hint: null} @ webpack-internal:///(app-pages-browser)/../../node_modules/.pnpm/next@16.1.1_@babel+core@7.2_44ddf4d2a14008cea0ed17b1d2e3ad2c/node_modules/next/dist/next-devtools/userspace/app/errors/intercept-console-error.js:51
[    1079ms] [LOG] [HMR] connected @ webpack-internal:///(app-pages-browser)/../../node_modules/.pnpm/next@16.1.1_@babel+core@7.2_44ddf4d2a14008cea0ed17b1d2e3ad2c/node_modules/next/dist/next-devtools/shared/forward-logs-shared.js:27
[    1392ms] [ERROR] Failed to load resource: the server responded with a status of 400 () @ https://clerk.gwatc.cloud/v1/client?__clerk_api_version=2025-11-10&_clerk_js_version=5.125.13:0
[    1417ms] [WARNING] Note: Some companies are required to obtain a license to use Remotion. See: https://remotion.dev/license
Pass the `acknowledgeRemotionLicense` prop to `<Player />` function to make this message disappear. @ webpack-internal:///(app-pages-browser)/../../node_modules/.pnpm/next@16.1.1_@babel+core@7.2_44ddf4d2a14008cea0ed17b1d2e3ad2c/node_modules/next/dist/next-devtools/shared/forward-logs-shared.js:27
[    1419ms] [ERROR] Failed to load resource: the server responded with a status of 400 () @ https://clerk.gwatc.cloud/v1/environment?__clerk_api_version=2025-11-10&_clerk_js_version=5.125.13:0
[    1555ms] [ERROR] e: Clerk: Production Keys are only allowed for domain "gwatc.cloud". 
API Error: The Request HTTP Origin header must be equal to or a subdomain of the requesting URL.
    at https://clerk.gwatc.cloud/npm/@clerk/clerk-js@5/dist/clerk.browser.js:2:7306
    at u._baseFetch (https://clerk.gwatc.cloud/npm/@clerk/clerk-js@5/dist/clerk.browser.js:3:38)
    at async d.execute (https://clerk.gwatc.cloud/npm/@clerk/clerk-js@5/dist/clerk.browser.js:2:5350)
    at async s._baseGet (https://clerk.gwatc.cloud/npm/@clerk/clerk-js@5/dist/clerk.browser.js:3:567)
    at async Promise.all (index 1)
    at async #U (https://clerk.gwatc.cloud/npm/@clerk/clerk-js@5/dist/clerk.browser.js:5:73602)
    at async e5.load (https://clerk.gwatc.cloud/npm/@clerk/clerk-js@5/dist/clerk.browser.js:5:34383)
    at async _IsomorphicClerk.loadClerkJS (webpack-internal:///(app-pages-browser)/../../node_modules/.pnpm/@clerk+clerk-react@5.59.0_r_9b6cab8f62a8deaaccdbe0852cd4a42d/node_modules/@clerk/clerk-react/dist/index.mjs:1720:9) @ webpack-internal:///(app-pages-browser)/../../node_modules/.pnpm/next@16.1.1_@babel+core@7.2_44ddf4d2a14008cea0ed17b1d2e3ad2c/node_modules/next/dist/next-devtools/userspace/app/errors/intercept-console-error.js:51
[    1738ms] [LOG] %c[Vercel Web Analytics]%c Debug mode is enabled by default in development. No requests will be sent to the server. color: rgb(120, 120, 120) color: inherit @ webpack-internal:///(app-pages-browser)/../../node_modules/.pnpm/next@16.1.1_@babel+core@7.2_44ddf4d2a14008cea0ed17b1d2e3ad2c/node_modules/next/dist/next-devtools/shared/forward-logs-shared.js:27
[    1738ms] [LOG] %c[Vercel Web Analytics]%c [view] http://localhost:3000/ color: rgb(120, 120, 120) color: inherit {o: http://localhost:3000/, sv: 0.1.3, sdkn: @vercel/analytics/react, sdkv: 1.6.1, ts: 1781393499169} /_vercel/insights/view @ webpack-internal:///(app-pages-browser)/../../node_modules/.pnpm/next@16.1.1_@babel+core@7.2_44ddf4d2a14008cea0ed17b1d2e3ad2c/node_modules/next/dist/next-devtools/shared/forward-logs-shared.js:27
[    1739ms] [LOG] %c[Vercel Speed Insights]%c Debug mode is enabled by default in development. No requests will be sent to the server. color: rgb(120, 120, 120) color: inherit @ webpack-internal:///(app-pages-browser)/../../node_modules/.pnpm/next@16.1.1_@babel+core@7.2_44ddf4d2a14008cea0ed17b1d2e3ad2c/node_modules/next/dist/next-devtools/shared/forward-logs-shared.js:27
[    9760ms] RangeError: Maximum call stack size exceeded
    at Math.min (<anonymous>)
    at PlayerUI.useImperativeHandle [as seekTo] (webpack-internal:///(app-pages-browser)/../../node_modules/.pnpm/@remotion+player@4.0.474_re_d23a88643aaf91b170ddbc1fe6486d61/node_modules/@remotion/player/dist/esm/index.mjs:3476:64)
    at RemotionPlayer.useEffect.handler (webpack-internal:///(app-pages-browser)/../../components/remotion/RemotionPlayer.tsx:54:64)
    at eval (webpack-internal:///(app-pages-browser)/../../node_modules/.pnpm/@remotion+player@4.0.474_re_d23a88643aaf91b170ddbc1fe6486d61/node_modules/@remotion/player/dist/esm/index.mjs:354:13)
    at Array.forEach (<anonymous>)
    at PlayerEmitter.dispatchEvent (webpack-internal:///(app-pages-browser)/../../node_modules/.pnpm/@remotion+player@4.0.474_re_d23a88643aaf91b170ddbc1fe6486d61/node_modules/@remotion/player/dist/esm/index.mjs:353:38)
    at PlayerEmitter.dispatchEnded (webpack-internal:///(app-pages-browser)/../../node_modules/.pnpm/@remotion+player@4.0.474_re_d23a88643aaf91b170ddbc1fe6486d61/node_modules/@remotion/player/dist/esm/index.mjs:393:18)
    at PlayerUI.useImperativeHandle [as seekTo] (webpack-internal:///(app-pages-browser)/../../node_modules/.pnpm/@remotion+player@4.0.474_re_d23a88643aaf91b170ddbc1fe6486d61/node_modules/@remotion/player/dist/esm/index.mjs:3483:44)
    at RemotionPlayer.useEffect.handler (webpack-internal:///(app-pages-browser)/../../components/remotion/RemotionPlayer.tsx:54:64)
    at eval (webpack-internal:///(app-pages-browser)/../../node_modules/.pnpm/@remotion+player@4.0.474_re_d23a88643aaf91b170ddbc1fe6486d61/node_modules/@remotion/player/dist/esm/index.mjs:354:13)
    at Array.forEach (<anonymous>)
    at PlayerEmitter.dispatchEvent (webpack-internal:///(app-pages-browser)/../../node_modules/.pnpm/@remotion+player@4.0.474_re_d23a88643aaf91b170ddbc1fe6486d61/node_modules/@remotion/player/dist/esm/index.mjs:353:38)
    at PlayerEmitter.dispatchEnded (webpack-internal:///(app-pages-browser)/../../node_modules/.pnpm/@remotion+player@4.0.474_re_d23a88643aaf91b170ddbc1fe6486d61/node_modules/@remotion/player/dist/esm/index.mjs:393:18)
    at PlayerUI.useImperativeHandle [as seekTo] (webpack-internal:///(app-pages-browser)/../../node_modules/.pnpm/@remotion+player@4.0.474_re_d23a88643aaf91b170ddbc1fe6486d61/node_modules/@remotion/player/dist/esm/index.mjs:3483:44)
    at RemotionPlayer.useEffect.handler (webpack-internal:///(app-pages-browser)/../../components/remotion/RemotionPlayer.tsx:54:64)
    at eval (webpack-internal:///(app-pages-browser)/../../node_modules/.pnpm/@remotion+player@4.0.474_re_d23a88643aaf91b170ddbc1fe6486d61/node_modules/@remotion/player/dist/esm/index.mjs:354:13)
    at Array.forEach (<anonymous>)
    at PlayerEmitter.dispatchEvent (webpack-internal:///(app-pages-browser)/../../node_modules/.pnpm/@remotion+player@4.0.474_re_d23a88643aaf91b170ddbc1fe6486d61/node_modules/@remotion/player/dist/esm/index.mjs:353:38)
    at PlayerEmitter.dispatchEnded (webpack-internal:///(app-pages-browser)/../../node_modules/.pnpm/@remotion+player@4.0.474_re_d23a88643aaf91b170ddbc1fe6486d61/node_modules/@remotion/player/dist/esm/index.mjs:393:18)
    at PlayerUI.useImperativeHandle [as seekTo] (webpack-internal:///(app-pages-browser)/../../node_modules/.pnpm/@remotion+player@4.0.474_re_d23a88643aaf91b170ddbc1fe6486d61/node_modules/@remotion/player/dist/esm/index.mjs:3483:44)
    at RemotionPlayer.useEffect.handler (webpack-internal:///(app-pages-browser)/../../components/remotion/RemotionPlayer.tsx:54:64)
    at eval (webpack-internal:///(app-pages-browser)/../../node_modules/.pnpm/@remotion+player@4.0.474_re_d23a88643aaf91b170ddbc1fe6486d61/node_modules/@remotion/player/dist/esm/index.mjs:354:13)
    at Array.forEach (<anonymous>)
    at PlayerEmitter.dispatchEvent (webpack-internal:///(app-pages-browser)/../../node_modules/.pnpm/@remotion+player@4.0.474_re_d23a88643aaf91b170ddbc1fe6486d61/node_modules/@remotion/player/dist/esm/index.mjs:353:38)
    at PlayerEmitter.dispatchEnded (webpack-internal:///(app-pages-browser)/../../node_modules/.pnpm/@remotion+player@4.0.474_re_d23a88643aaf91b170ddbc1fe6486d61/node_modules/@remotion/player/dist/esm/index.mjs:393:18)
    at PlayerUI.useImperativeHandle [as seekTo] (webpack-internal:///(app-pages-browser)/../../node_modules/.pnpm/@remotion+player@4.0.474_re_d23a88643aaf91b170ddbc1fe6486d61/node_modules/@remotion/player/dist/esm/index.mjs:3483:44)
    at RemotionPlayer.useEffect.handler (webpack-internal:///(app-pages-browser)/../../components/remotion/RemotionPlayer.tsx:54:64)
    at eval (webpack-internal:///(app-pages-browser)/../../node_modules/.pnpm/@remotion+player@4.0.474_re_d23a88643aaf91b170ddbc1fe6486d61/node_modules/@remotion/player/dist/esm/index.mjs:354:13)
    at Array.forEach (<anonymous>)
    at PlayerEmitter.dispatchEvent (webpack-internal:///(app-pages-browser)/../../node_modules/.pnpm/@remotion+player@4.0.474_re_d23a88643aaf91b170ddbc1fe6486d61/node_modules/@remotion/player/dist/esm/index.mjs:353:38)
    at PlayerEmitter.dispatchEnded (webpack-internal:///(app-pages-browser)/../../node_modules/.pnpm/@remotion+player@4.0.474_re_d23a88643aaf91b170ddbc1fe6486d61/node_modules/@remotion/player/dist/esm/index.mjs:393:18)
    at PlayerUI.useImperativeHandle [as seekTo] (webpack-internal:///(app-pages-browser)/../../node_modules/.pnpm/@remotion+player@4.0.474_re_d23a88643aaf91b170ddbc1fe6486d61/node_modules/@remotion/player/dist/esm/index.mjs:3483:44)
    at RemotionPlayer.useEffect.handler (webpack-internal:///(app-pages-browser)/../../components/remotion/RemotionPlayer.tsx:54:64)
    at eval (webpack-internal:///(app-pages-browser)/../../node_modules/.pnpm/@remotion+player@4.0.474_re_d23a88643aaf91b170ddbc1fe6486d61/node_modules/@remotion/player/dist/esm/index.mjs:354:13)
    at Array.forEach (<anonymous>)
    at PlayerEmitter.dispatchEvent (webpack-internal:///(app-pages-browser)/../../node_modules/.pnpm/@remotion+player@4.0.474_re_d23a88643aaf91b170ddbc1fe6486d61/node_modules/@remotion/player/dist/esm/index.mjs:353:38)
    at PlayerEmitter.dispatchEnded (webpack-internal:///(app-pages-browser)/../../node_modules/.pnpm/@remotion+player@4.0.474_re_d23a88643aaf91b170ddbc1fe6486d61/node_modules/@remotion/player/dist/esm/index.mjs:393:18)
    at PlayerUI.useImperativeHandle [as seekTo] (webpack-internal:///(app-pages-browser)/../../node_modules/.pnpm/@remotion+player@4.0.474_re_d23a88643aaf91b170ddbc1fe6486d61/node_modules/@remotion/player/dist/esm/index.mjs:3483:44)
    at RemotionPlayer.useEffect.handler (webpack-internal:///(app-pages-browser)/../../components/remotion/RemotionPlayer.tsx:54:64)
    at eval (webpack-internal:///(app-pages-browser)/../../node_modules/.pnpm/@remotion+player@4.0.474_re_d23a88643aaf91b170ddbc1fe6486d61/node_modules/@remotion/player/dist/esm/index.mjs:354:13)
    at Array.forEach (<anonymous>)
    at PlayerEmitter.dispatchEvent (webpack-internal:///(app-pages-browser)/../../node_modules/.pnpm/@remotion+player@4.0.474_re_d23a88643aaf91b170ddbc1fe6486d61/node_modules/@remotion/player/dist/esm/index.mjs:353:38)
    at PlayerEmitter.dispatchEnded (webpack-internal:///(app-pages-browser)/../../node_modules/.pnpm/@remotion+player@4.0.474_re_d23a88643aaf91b170ddbc1fe6486d61/node_modules/@remotion/player/dist/esm/index.mjs:393:18)
    at PlayerUI.useImperativeHandle [as seekTo] (webpack-internal:///(app-pages-browser)/../../node_modules/.pnpm/@remotion+player@4.0.474_re_d23a88643aaf91b170ddbc1fe6486d61/node_modules/@remotion/player/dist/esm/index.mjs:3483:44)
    at RemotionPlayer.useEffect.handler (webpack-internal:///(app-pages-browser)/../../components/remotion/RemotionPlayer.tsx:54:64)
    at eval (webpack-internal:///(app-pages-browser)/../../node_modules/.pnpm/@remotion+player@4.0.474_re_d23a88643aaf91b170ddbc1fe6486d61/node_modules/@remotion/player/dist/esm/index.mjs:354:13)
    at Array.forEach (<anonymous>)
    at PlayerEmitter.dispatchEvent (webpack-internal:///(app-pages-browser)/../../node_modules/.pnpm/@remotion+player@4.0.474_re_d23a88643aaf91b170ddbc1fe6486d61/node_modules/@remotion/player/dist/esm/index.mjs:353:38)
    at PlayerEmitter.dispatchEnded (webpack-internal:///(app-pages-browser)/../../node_modules/.pnpm/@remotion+player@4.0.474_re_d23a88643aaf91b170ddbc1fe6486d61/node_modules/@remotion/player/dist/esm/index.mjs:393:18)
    at PlayerUI.useImperativeHandle [as seekTo] (webpack-internal:///(app-pages-browser)/../../node_modules/.pnpm/@remotion+player@4.0.474_re_d23a88643aaf91b170ddbc1fe6486d61/node_modules/@remotion/player/dist/esm/index.mjs:3483:44)
[    9920ms] RangeError: Maximum call stack size exceeded
    at PlayerUI.useImperativeHandle [as seekTo] (webpack-internal:///(app-pages-browser)/../../node_modules/.pnpm/@remotion+player@4.0.474_re_d23a88643aaf91b170ddbc1fe6486d61/node_modules/@remotion/player/dist/esm/index.mjs:3474:53)
    at RemotionPlayer.useEffect.handler (webpack-internal:///(app-pages-browser)/../../components/remotion/RemotionPlayer.tsx:54:64)
    at eval (webpack-internal:///(app-pages-browser)/../../node_modules/.pnpm/@remotion+player@4.0.474_re_d23a88643aaf91b170ddbc1fe6486d61/node_modules/@remotion/player/dist/esm/index.mjs:354:13)
    at Array.forEach (<anonymous>)
    at PlayerEmitter.dispatchEvent (webpack-internal:///(app-pages-browser)/../../node_modules/.pnpm/@remotion+player@4.0.474_re_d23a88643aaf91b170ddbc1fe6486d61/node_modules/@remotion/player/dist/esm/index.mjs:353:38)
    at PlayerEmitter.dispatchEnded (webpack-internal:///(app-pages-browser)/../../node_modules/.pnpm/@remotion+player@4.0.474_re_d23a88643aaf91b170ddbc1fe6486d61/node_modules/@remotion/player/dist/esm/index.mjs:393:18)
    at PlayerUI.useImperativeHandle [as seekTo] (webpack-internal:///(app-pages-browser)/../../node_modules/.pnpm/@remotion+player@4.0.474_re_d23a88643aaf91b170ddbc1fe6486d61/node_modules/@remotion/player/dist/esm/index.mjs:3483:44)
    at RemotionPlayer.useEffect.handler (webpack-internal:///(app-pages-browser)/../../components/remotion/RemotionPlayer.tsx:54:64)
    at eval (webpack-internal:///(app-pages-browser)/../../node_modules/.pnpm/@remotion+player@4.0.474_re_d23a88643aaf91b170ddbc1fe6486d61/node_modules/@remotion/player/dist/esm/index.mjs:354:13)
    at Array.forEach (<anonymous>)
    at PlayerEmitter.dispatchEvent (webpack-internal:///(app-pages-browser)/../../node_modules/.pnpm/@remotion+player@4.0.474_re_d23a88643aaf91b170ddbc1fe6486d61/node_modules/@remotion/player/dist/esm/index.mjs:353:38)
    at PlayerEmitter.dispatchEnded (webpack-internal:///(app-pages-browser)/../../node_modules/.pnpm/@remotion+player@4.0.474_re_d23a88643aaf91b170ddbc1fe6486d61/node_modules/@remotion/player/dist/esm/index.mjs:393:18)
    at PlayerUI.useImperativeHandle [as seekTo] (webpack-internal:///(app-pages-browser)/../../node_modules/.pnpm/@remotion+player@4.0.474_re_d23a88643aaf91b170ddbc1fe6486d61/node_modules/@remotion/player/dist/esm/index.mjs:3483:44)
    at RemotionPlayer.useEffect.handler (webpack-internal:///(app-pages-browser)/../../components/remotion/RemotionPlayer.tsx:54:64)
    at eval (webpack-internal:///(app-pages-browser)/../../node_modules/.pnpm/@remotion+player@4.0.474_re_d23a88643aaf91b170ddbc1fe6486d61/node_modules/@remotion/player/dist/esm/index.mjs:354:13)
    at Array.forEach (<anonymous>)
    at PlayerEmitter.dispatchEvent (webpack-internal:///(app-pages-browser)/../../node_modules/.pnpm/@remotion+player@4.0.474_re_d23a88643aaf91b170ddbc1fe6486d61/node_modules/@remotion/player/dist/esm/index.mjs:353:38)
    at PlayerEmitter.dispatchEnded (webpack-internal:///(app-pages-browser)/../../node_modules/.pnpm/@remotion+player@4.0.474_re_d23a88643aaf91b170ddbc1fe6486d61/node_modules/@remotion/player/dist/esm/index.mjs:393:18)
    at PlayerUI.useImperativeHandle [as seekTo] (webpack-internal:///(app-pages-browser)/../../node_modules/.pnpm/@remotion+player@4.0.474_re_d23a88643aaf91b170ddbc1fe6486d61/node_modules/@remotion/player/dist/esm/index.mjs:3483:44)
    at RemotionPlayer.useEffect.handler (webpack-internal:///(app-pages-browser)/../../components/remotion/RemotionPlayer.tsx:54:64)
    at eval (webpack-internal:///(app-pages-browser)/../../node_modules/.pnpm/@remotion+player@4.0.474_re_d23a88643aaf91b170ddbc1fe6486d61/node_modules/@remotion/player/dist/esm/index.mjs:354:13)
    at Array.forEach (<anonymous>)
    at PlayerEmitter.dispatchEvent (webpack-internal:///(app-pages-browser)/../../node_modules/.pnpm/@remotion+player@4.0.474_re_d23a88643aaf91b170ddbc1fe6486d61/node_modules/@remotion/player/dist/esm/index.mjs:353:38)
    at PlayerEmitter.dispatchEnded (webpack-internal:///(app-pages-browser)/../../node_modules/.pnpm/@remotion+player@4.0.474_re_d23a88643aaf91b170ddbc1fe6486d61/node_modules/@remotion/player/dist/esm/index.mjs:393:18)
    at PlayerUI.useImperativeHandle [as seekTo] (webpack-internal:///(app-pages-browser)/../../node_modules/.pnpm/@remotion+player@4.0.474_re_d23a88643aaf91b170ddbc1fe6486d61/node_modules/@remotion/player/dist/esm/index.mjs:3483:44)
    at RemotionPlayer.useEffect.handler (webpack-internal:///(app-pages-browser)/../../components/remotion/RemotionPlayer.tsx:54:64)
    at eval (webpack-internal:///(app-pages-browser)/../../node_modules/.pnpm/@remotion+player@4.0.474_re_d23a88643aaf91b170ddbc1fe6486d61/node_modules/@remotion/player/dist/esm/index.mjs:354:13)
    at Array.forEach (<anonymous>)
    at PlayerEmitter.dispatchEvent (webpack-internal:///(app-pages-browser)/../../node_modules/.pnpm/@remotion+player@4.0.474_re_d23a88643aaf91b170ddbc1fe6486d61/node_modules/@remotion/player/dist/esm/index.mjs:353:38)
    at PlayerEmitter.dispatchEnded (webpack-internal:///(app-pages-browser)/../../node_modules/.pnpm/@remotion+player@4.0.474_re_d23a88643aaf91b170ddbc1fe6486d61/node_modules/@remotion/player/dist/esm/index.mjs:393:18)
    at PlayerUI.useImperativeHandle [as seekTo] (webpack-internal:///(app-pages-browser)/../../node_modules/.pnpm/@remotion+player@4.0.474_re_d23a88643aaf91b170ddbc1fe6486d61/node_modules/@remotion/player/dist/esm/index.mjs:3483:44)
    at RemotionPlayer.useEffect.handler (webpack-internal:///(app-pages-browser)/../../components/remotion/RemotionPlayer.tsx:54:64)
    at eval (webpack-internal:///(app-pages-browser)/../../node_modules/.pnpm/@remotion+player@4.0.474_re_d23a88643aaf91b170ddbc1fe6486d61/node_modules/@remotion/player/dist/esm/index.mjs:354:13)
    at Array.forEach (<anonymous>)
    at PlayerEmitter.dispatchEvent (webpack-internal:///(app-pages-browser)/../../node_modules/.pnpm/@remotion+player@4.0.474_re_d23a88643aaf91b170ddbc1fe6486d61/node_modules/@remotion/player/dist/esm/index.mjs:353:38)
    at PlayerEmitter.dispatchEnded (webpack-internal:///(app-pages-browser)/../../node_modules/.pnpm/@remotion+player@4.0.474_re_d23a88643aaf91b170ddbc1fe6486d61/node_modules/@remotion/player/dist/esm/index.mjs:393:18)
    at PlayerUI.useImperativeHandle [as seekTo] (webpack-internal:///(app-pages-browser)/../../node_modules/.pnpm/@remotion+player@4.0.474_re_d23a88643aaf91b170ddbc1fe6486d61/node_modules/@remotion/player/dist/esm/index.mjs:3483:44)
    at RemotionPlayer.useEffect.handler (webpack-internal:///(app-pages-browser)/../../components/remotion/RemotionPlayer.tsx:54:64)
    at eval (webpack-internal:///(app-pages-browser)/../../node_modules/.pnpm/@remotion+player@4.0.474_re_d23a88643aaf91b170ddbc1fe6486d61/node_modules/@remotion/player/dist/esm/index.mjs:354:13)
    at Array.forEach (<anonymous>)
    at PlayerEmitter.dispatchEvent (webpack-internal:///(app-pages-browser)/../../node_modules/.pnpm/@remotion+player@4.0.474_re_d23a88643aaf91b170ddbc1fe6486d61/node_modules/@remotion/player/dist/esm/index.mjs:353:38)
    at PlayerEmitter.dispatchEnded (webpack-internal:///(app-pages-browser)/../../node_modules/.pnpm/@remotion+player@4.0.474_re_d23a88643aaf91b170ddbc1fe6486d61/node_modules/@remotion/player/dist/esm/index.mjs:393:18)
    at PlayerUI.useImperativeHandle [as seekTo] (webpack-internal:///(app-pages-browser)/../../node_modules/.pnpm/@remotion+player@4.0.474_re_d23a88643aaf91b170ddbc1fe6486d61/node_modules/@remotion/player/dist/esm/index.mjs:3483:44)
    at RemotionPlayer.useEffect.handler (webpack-internal:///(app-pages-browser)/../../components/remotion/RemotionPlayer.tsx:54:64)
    at eval (webpack-internal:///(app-pages-browser)/../../node_modules/.pnpm/@remotion+player@4.0.474_re_d23a88643aaf91b170ddbc1fe6486d61/node_modules/@remotion/player/dist/esm/index.mjs:354:13)
    at Array.forEach (<anonymous>)
    at PlayerEmitter.dispatchEvent (webpack-internal:///(app-pages-browser)/../../node_modules/.pnpm/@remotion+player@4.0.474_re_d23a88643aaf91b170ddbc1fe6486d61/node_modules/@remotion/player/dist/esm/index.mjs:353:38)
    at PlayerEmitter.dispatchEnded (webpack-internal:///(app-pages-browser)/../../node_modules/.pnpm/@remotion+player@4.0.474_re_d23a88643aaf91b170ddbc1fe6486d61/node_modules/@remotion/player/dist/esm/index.mjs:393:18)
    at PlayerUI.useImperativeHandle [as seekTo] (webpack-internal:///(app-pages-browser)/../../node_modules/.pnpm/@remotion+player@4.0.474_re_d23a88643aaf91b170ddbc1fe6486d61/node_modules/@remotion/player/dist/esm/index.mjs:3483:44)
    at RemotionPlayer.useEffect.handler (webpack-internal:///(app-pages-browser)/../../components/remotion/RemotionPlayer.tsx:54:64)
[  136654ms] [LOG] [Fast Refresh] rebuilding @ webpack-internal:///(app-pages-browser)/../../node_modules/.pnpm/next@16.1.1_@babel+core@7.2_44ddf4d2a14008cea0ed17b1d2e3ad2c/node_modules/next/dist/next-devtools/shared/forward-logs-shared.js:27
[  137186ms] [LOG] [Fast Refresh] rebuilding @ webpack-internal:///(app-pages-browser)/../../node_modules/.pnpm/next@16.1.1_@babel+core@7.2_44ddf4d2a14008cea0ed17b1d2e3ad2c/node_modules/next/dist/next-devtools/shared/forward-logs-shared.js:27
[  137510ms] [LOG] [Fast Refresh] done in 324ms @ webpack-internal:///(app-pages-browser)/../../node_modules/.pnpm/next@16.1.1_@babel+core@7.2_44ddf4d2a14008cea0ed17b1d2e3ad2c/node_modules/next/dist/next-devtools/shared/forward-logs-shared.js:27
[  137799ms] [LOG] [Fast Refresh] done in 614ms @ webpack-internal:///(app-pages-browser)/../../node_modules/.pnpm/next@16.1.1_@babel+core@7.2_44ddf4d2a14008cea0ed17b1d2e3ad2c/node_modules/next/dist/next-devtools/shared/forward-logs-shared.js:27
[  138433ms] [ERROR] %c%s%c 카테고리별 공지사항 조회 실패: background: #e6e6e6;background: light-dark(rgba(0,0,0,0.1), rgba(255,255,255,0.25));color: #000000;color: light-dark(#000000, #ffffff);border-radius: 2px  Server   column notices.attachments does not exist {code: 42703, details: null, hint: null} @ webpack-internal:///(app-pages-browser)/../../node_modules/.pnpm/next@16.1.1_@babel+core@7.2_44ddf4d2a14008cea0ed17b1d2e3ad2c/node_modules/next/dist/next-devtools/userspace/app/errors/intercept-console-error.js:51
[  138433ms] [LOG] %c%s%c attachments 컬럼이 없습니다. 기본 필드만 조회합니다. background: #e6e6e6;background: light-dark(rgba(0,0,0,0.1), rgba(255,255,255,0.25));color: #000000;color: light-dark(#000000, #ffffff);border-radius: 2px  Server   @ webpack-internal:///(app-pages-browser)/../../node_modules/.pnpm/next@16.1.1_@babel+core@7.2_44ddf4d2a14008cea0ed17b1d2e3ad2c/node_modules/next/dist/next-devtools/shared/forward-logs-shared.js:27
[  138439ms] [ERROR] %c%s%c 카테고리별 공지사항 조회 실패: background: #e6e6e6;background: light-dark(rgba(0,0,0,0.1), rgba(255,255,255,0.25));color: #000000;color: light-dark(#000000, #ffffff);border-radius: 2px  Server   column notices.attachments does not exist {code: 42703, details: null, hint: null} @ webpack-internal:///(app-pages-browser)/../../node_modules/.pnpm/next@16.1.1_@babel+core@7.2_44ddf4d2a14008cea0ed17b1d2e3ad2c/node_modules/next/dist/next-devtools/userspace/app/errors/intercept-console-error.js:51
[  138439ms] [LOG] %c%s%c attachments 컬럼이 없습니다. 기본 필드만 조회합니다. background: #e6e6e6;background: light-dark(rgba(0,0,0,0.1), rgba(255,255,255,0.25));color: #000000;color: light-dark(#000000, #ffffff);border-radius: 2px  Server   @ webpack-internal:///(app-pages-browser)/../../node_modules/.pnpm/next@16.1.1_@babel+core@7.2_44ddf4d2a14008cea0ed17b1d2e3ad2c/node_modules/next/dist/next-devtools/shared/forward-logs-shared.js:27
