[    1388ms] [LOG] [Fast Refresh] rebuilding @ webpack-internal:///(app-pages-browser)/../../node_modules/.pnpm/next@16.1.1_@babel+core@7.2_44ddf4d2a14008cea0ed17b1d2e3ad2c/node_modules/next/dist/next-devtools/shared/forward-logs-shared.js:27
[    8613ms] [LOG] [Fast Refresh] done in 7225ms @ webpack-internal:///(app-pages-browser)/../../node_modules/.pnpm/next@16.1.1_@babel+core@7.2_44ddf4d2a14008cea0ed17b1d2e3ad2c/node_modules/next/dist/next-devtools/shared/forward-logs-shared.js:27
[   10326ms] [LOG] %c[Vercel Speed Insights]%c [vitals] color: rgb(120, 120, 120) color: inherit {speed: 4g, metrics: Array(3), scriptVersion: 0.1.3, sdkName: @vercel/speed-insights/next, sdkVersion: 1.3.1} /_vercel/speed-insights/vitals @ webpack-internal:///(app-pages-browser)/../../node_modules/.pnpm/next@16.1.1_@babel+core@7.2_44ddf4d2a14008cea0ed17b1d2e3ad2c/node_modules/next/dist/next-devtools/shared/forward-logs-shared.js:27
[   10326ms] [LOG] %c[Vercel Speed Insights]%c [vitals] color: rgb(120, 120, 120) color: inherit {speed: 4g, metrics: Array(1), scriptVersion: 0.1.3, sdkName: @vercel/speed-insights/next, sdkVersion: 1.3.1} /_vercel/speed-insights/vitals @ webpack-internal:///(app-pages-browser)/../../node_modules/.pnpm/next@16.1.1_@babel+core@7.2_44ddf4d2a14008cea0ed17b1d2e3ad2c/node_modules/next/dist/next-devtools/shared/forward-logs-shared.js:27
[   11287ms] [INFO] %cDownload the React DevTools for a better development experience: https://react.dev/link/react-devtools font-weight:bold @ webpack-internal:///(app-pages-browser)/../../node_modules/.pnpm/next@16.1.1_@babel+core@7.2_44ddf4d2a14008cea0ed17b1d2e3ad2c/node_modules/next/dist/next-devtools/shared/forward-logs-shared.js:27
[   11426ms] [LOG] %c%s%c [권한 확인] 사용자 ID 없음 background: #e6e6e6;background: light-dark(rgba(0,0,0,0.1), rgba(255,255,255,0.25));color: #000000;color: light-dark(#000000, #ffffff);border-radius: 2px  Server   @ webpack-internal:///(app-pages-browser)/../../node_modules/.pnpm/next@16.1.1_@babel+core@7.2_44ddf4d2a14008cea0ed17b1d2e3ad2c/node_modules/next/dist/next-devtools/shared/forward-logs-shared.js:27
[   11449ms] [LOG] [HMR] connected @ webpack-internal:///(app-pages-browser)/../../node_modules/.pnpm/next@16.1.1_@babel+core@7.2_44ddf4d2a14008cea0ed17b1d2e3ad2c/node_modules/next/dist/next-devtools/shared/forward-logs-shared.js:27
[   11820ms] [ERROR] Failed to load resource: the server responded with a status of 400 () @ https://clerk.gwatc.cloud/v1/client?__clerk_api_version=2025-11-10&_clerk_js_version=5.125.10:0
[   11832ms] [ERROR] Failed to load resource: the server responded with a status of 400 () @ https://clerk.gwatc.cloud/v1/environment?__clerk_api_version=2025-11-10&_clerk_js_version=5.125.10:0
[   11836ms] [ERROR] e: Clerk: Production Keys are only allowed for domain "gwatc.cloud". 
API Error: The Request HTTP Origin header must be equal to or a subdomain of the requesting URL.
    at https://clerk.gwatc.cloud/npm/@clerk/clerk-js@5/dist/clerk.browser.js:2:7182
    at u._baseFetch (https://clerk.gwatc.cloud/npm/@clerk/clerk-js@5/dist/clerk.browser.js:3:38)
    at async d.execute (https://clerk.gwatc.cloud/npm/@clerk/clerk-js@5/dist/clerk.browser.js:2:5226)
    at async s._baseGet (https://clerk.gwatc.cloud/npm/@clerk/clerk-js@5/dist/clerk.browser.js:3:567)
    at async Promise.all (index 1)
    at async #U (https://clerk.gwatc.cloud/npm/@clerk/clerk-js@5/dist/clerk.browser.js:5:73576)
    at async e5.load (https://clerk.gwatc.cloud/npm/@clerk/clerk-js@5/dist/clerk.browser.js:5:34357)
    at async _IsomorphicClerk.loadClerkJS (webpack-internal:///(app-pages-browser)/../../node_modules/.pnpm/@clerk+clerk-react@5.59.0_r_9b6cab8f62a8deaaccdbe0852cd4a42d/node_modules/@clerk/clerk-react/dist/index.mjs:1720:9) @ webpack-internal:///(app-pages-browser)/../../node_modules/.pnpm/next@16.1.1_@babel+core@7.2_44ddf4d2a14008cea0ed17b1d2e3ad2c/node_modules/next/dist/next-devtools/userspace/app/errors/intercept-console-error.js:51
[   11893ms] [LOG] %c[Vercel Web Analytics]%c Debug mode is enabled by default in development. No requests will be sent to the server. color: rgb(120, 120, 120) color: inherit @ webpack-internal:///(app-pages-browser)/../../node_modules/.pnpm/next@16.1.1_@babel+core@7.2_44ddf4d2a14008cea0ed17b1d2e3ad2c/node_modules/next/dist/next-devtools/shared/forward-logs-shared.js:27
[   11894ms] [LOG] %c[Vercel Web Analytics]%c [view] http://localhost:3000/notices color: rgb(120, 120, 120) color: inherit {o: http://localhost:3000/notices, sv: 0.1.3, sdkn: @vercel/analytics/react, sdkv: 1.6.1, ts: 1778338466721} /_vercel/insights/view @ webpack-internal:///(app-pages-browser)/../../node_modules/.pnpm/next@16.1.1_@babel+core@7.2_44ddf4d2a14008cea0ed17b1d2e3ad2c/node_modules/next/dist/next-devtools/shared/forward-logs-shared.js:27
[   11894ms] [LOG] %c[Vercel Speed Insights]%c Debug mode is enabled by default in development. No requests will be sent to the server. color: rgb(120, 120, 120) color: inherit @ webpack-internal:///(app-pages-browser)/../../node_modules/.pnpm/next@16.1.1_@babel+core@7.2_44ddf4d2a14008cea0ed17b1d2e3ad2c/node_modules/next/dist/next-devtools/shared/forward-logs-shared.js:27
