[     112ms] [ERROR] Mixed Content: The page at 'https://www.gatc.or.kr/bbs/index.php?so_table=notice&b_type=%EC%A7%80%EC%9B%90%EC%82%AC%EC%97%85&page=9' was loaded over HTTPS, but requested an insecure stylesheet 'http://fonts.googleapis.com/earlyaccess/nanumgothic.css'. This request has been blocked; the content must be served over HTTPS. @ https://www.gatc.or.kr/bbs/index.php?so_table=notice&b_type=%EC%A7%80%EC%9B%90%EC%82%AC%EC%97%85&page=9:32
[     163ms] [ERROR] Failed to load resource: net::ERR_CERT_COMMON_NAME_INVALID @ https://html.soroweb.co.kr/404.html:0
[     199ms] [ERROR] Access to font at 'https://fonts.gstatic.com/ea/notosanskr/v2/NotoSansKR-Medium.woff2' from origin 'https://www.gatc.or.kr' has been blocked by CORS policy: No 'Access-Control-Allow-Origin' header is present on the requested resource. @ https://www.gatc.or.kr/bbs/index.php?so_table=notice&b_type=%EC%A7%80%EC%9B%90%EC%82%AC%EC%97%85&page=9:0
[     199ms] [ERROR] Failed to load resource: net::ERR_FAILED @ https://fonts.gstatic.com/ea/notosanskr/v2/NotoSansKR-Medium.woff2:0
[     201ms] [ERROR] Access to font at 'https://fonts.gstatic.com/ea/notosanskr/v2/NotoSansKR-Regular.woff2' from origin 'https://www.gatc.or.kr' has been blocked by CORS policy: No 'Access-Control-Allow-Origin' header is present on the requested resource. @ https://www.gatc.or.kr/bbs/index.php?so_table=notice&b_type=%EC%A7%80%EC%9B%90%EC%82%AC%EC%97%85&page=9:0
[     202ms] [ERROR] Failed to load resource: net::ERR_FAILED @ https://fonts.gstatic.com/ea/notosanskr/v2/NotoSansKR-Regular.woff2:0
[     272ms] [ERROR] Access to font at 'https://fonts.gstatic.com/ea/notosanskr/v2/NotoSansKR-Regular.woff' from origin 'https://www.gatc.or.kr' has been blocked by CORS policy: No 'Access-Control-Allow-Origin' header is present on the requested resource. @ https://www.gatc.or.kr/bbs/index.php?so_table=notice&b_type=%EC%A7%80%EC%9B%90%EC%82%AC%EC%97%85&page=9:0
[     272ms] [ERROR] Failed to load resource: net::ERR_FAILED @ https://fonts.gstatic.com/ea/notosanskr/v2/NotoSansKR-Regular.woff:0
[     275ms] [ERROR] Access to font at 'https://fonts.gstatic.com/ea/notosanskr/v2/NotoSansKR-Medium.woff' from origin 'https://www.gatc.or.kr' has been blocked by CORS policy: No 'Access-Control-Allow-Origin' header is present on the requested resource. @ https://www.gatc.or.kr/bbs/index.php?so_table=notice&b_type=%EC%A7%80%EC%9B%90%EC%82%AC%EC%97%85&page=9:0
[     275ms] [ERROR] Failed to load resource: net::ERR_FAILED @ https://fonts.gstatic.com/ea/notosanskr/v2/NotoSansKR-Medium.woff:0
[     347ms] [ERROR] Access to font at 'https://fonts.gstatic.com/ea/notosanskr/v2/NotoSansKR-Regular.otf' from origin 'https://www.gatc.or.kr' has been blocked by CORS policy: No 'Access-Control-Allow-Origin' header is present on the requested resource. @ https://www.gatc.or.kr/bbs/index.php?so_table=notice&b_type=%EC%A7%80%EC%9B%90%EC%82%AC%EC%97%85&page=9:0
[     347ms] [ERROR] Failed to load resource: net::ERR_FAILED @ https://fonts.gstatic.com/ea/notosanskr/v2/NotoSansKR-Regular.otf:0
[     349ms] [ERROR] Access to font at 'https://fonts.gstatic.com/ea/notosanskr/v2/NotoSansKR-Medium.otf' from origin 'https://www.gatc.or.kr' has been blocked by CORS policy: No 'Access-Control-Allow-Origin' header is present on the requested resource. @ https://www.gatc.or.kr/bbs/index.php?so_table=notice&b_type=%EC%A7%80%EC%9B%90%EC%82%AC%EC%97%85&page=9:0
[     349ms] [ERROR] Failed to load resource: net::ERR_FAILED @ https://fonts.gstatic.com/ea/notosanskr/v2/NotoSansKR-Medium.otf:0
[     372ms] [ERROR] Mixed Content: The page at 'https://www.gatc.or.kr/bbs/index.php?so_table=notice&b_type=%EC%A7%80%EC%9B%90%EC%82%AC%EC%97%85&page=9' was loaded over HTTPS, but requested an insecure favicon 'http://html.soroweb.co.kr/404.html'. This request has been blocked; the content must be served over HTTPS. @ https://www.gatc.or.kr/bbs/index.php?so_table=notice&b_type=%EC%A7%80%EC%9B%90%EC%82%AC%EC%97%85&page=9:0
[     395ms] [ERROR] Mixed Content: The page at 'https://www.gatc.or.kr/bbs/index.php?so_table=notice&b_type=%EC%A7%80%EC%9B%90%EC%82%AC%EC%97%85&page=9' was loaded over HTTPS, but requested an insecure favicon 'http://html.soroweb.co.kr/404.html'. This request has been blocked; the content must be served over HTTPS. @ https://www.gatc.or.kr/bbs/index.php?so_table=notice&b_type=%EC%A7%80%EC%9B%90%EC%82%AC%EC%97%85&page=9:0
[  523731ms] [ERROR] Mixed Content: The page at 'https://www.gatc.or.kr/bbs/index.php?so_table=notice' was loaded over HTTPS, but requested an insecure stylesheet 'http://fonts.googleapis.com/earlyaccess/nanumgothic.css'. This request has been blocked; the content must be served over HTTPS. @ https://www.gatc.or.kr/bbs/index.php?so_table=notice:32
[  523775ms] [ERROR] Failed to load resource: net::ERR_CERT_COMMON_NAME_INVALID @ https://html.soroweb.co.kr/404.html:0
[  523841ms] [ERROR] Access to font at 'https://fonts.gstatic.com/ea/notosanskr/v2/NotoSansKR-Medium.woff2' from origin 'https://www.gatc.or.kr' has been blocked by CORS policy: No 'Access-Control-Allow-Origin' header is present on the requested resource. @ https://www.gatc.or.kr/bbs/index.php?so_table=notice:0
[  523841ms] [ERROR] Failed to load resource: net::ERR_FAILED @ https://fonts.gstatic.com/ea/notosanskr/v2/NotoSansKR-Medium.woff2:0
[  523847ms] [ERROR] Access to font at 'https://fonts.gstatic.com/ea/notosanskr/v2/NotoSansKR-Regular.woff2' from origin 'https://www.gatc.or.kr' has been blocked by CORS policy: No 'Access-Control-Allow-Origin' header is present on the requested resource. @ https://www.gatc.or.kr/bbs/index.php?so_table=notice:0
[  523847ms] [ERROR] Failed to load resource: net::ERR_FAILED @ https://fonts.gstatic.com/ea/notosanskr/v2/NotoSansKR-Regular.woff2:0
[  523914ms] [ERROR] Access to font at 'https://fonts.gstatic.com/ea/notosanskr/v2/NotoSansKR-Medium.woff' from origin 'https://www.gatc.or.kr' has been blocked by CORS policy: No 'Access-Control-Allow-Origin' header is present on the requested resource. @ https://www.gatc.or.kr/bbs/index.php?so_table=notice:0
[  523915ms] [ERROR] Failed to load resource: net::ERR_FAILED @ https://fonts.gstatic.com/ea/notosanskr/v2/NotoSansKR-Medium.woff:0
[  523922ms] [ERROR] Access to font at 'https://fonts.gstatic.com/ea/notosanskr/v2/NotoSansKR-Regular.woff' from origin 'https://www.gatc.or.kr' has been blocked by CORS policy: No 'Access-Control-Allow-Origin' header is present on the requested resource. @ https://www.gatc.or.kr/bbs/index.php?so_table=notice:0
[  523922ms] [ERROR] Failed to load resource: net::ERR_FAILED @ https://fonts.gstatic.com/ea/notosanskr/v2/NotoSansKR-Regular.woff:0
[  523989ms] [ERROR] Access to font at 'https://fonts.gstatic.com/ea/notosanskr/v2/NotoSansKR-Medium.otf' from origin 'https://www.gatc.or.kr' has been blocked by CORS policy: No 'Access-Control-Allow-Origin' header is present on the requested resource. @ https://www.gatc.or.kr/bbs/index.php?so_table=notice:0
[  523989ms] [ERROR] Failed to load resource: net::ERR_FAILED @ https://fonts.gstatic.com/ea/notosanskr/v2/NotoSansKR-Medium.otf:0
[  523997ms] [ERROR] Access to font at 'https://fonts.gstatic.com/ea/notosanskr/v2/NotoSansKR-Regular.otf' from origin 'https://www.gatc.or.kr' has been blocked by CORS policy: No 'Access-Control-Allow-Origin' header is present on the requested resource. @ https://www.gatc.or.kr/bbs/index.php?so_table=notice:0
[  523997ms] [ERROR] Failed to load resource: net::ERR_FAILED @ https://fonts.gstatic.com/ea/notosanskr/v2/NotoSansKR-Regular.otf:0
[  524018ms] [ERROR] Mixed Content: The page at 'https://www.gatc.or.kr/bbs/index.php?so_table=notice' was loaded over HTTPS, but requested an insecure favicon 'http://html.soroweb.co.kr/404.html'. This request has been blocked; the content must be served over HTTPS. @ https://www.gatc.or.kr/bbs/index.php?so_table=notice:0
[  524024ms] [ERROR] Mixed Content: The page at 'https://www.gatc.or.kr/bbs/index.php?so_table=notice' was loaded over HTTPS, but requested an insecure favicon 'http://html.soroweb.co.kr/404.html'. This request has been blocked; the content must be served over HTTPS. @ https://www.gatc.or.kr/bbs/index.php?so_table=notice:0
[  535359ms] [ERROR] Mixed Content: The page at 'https://www.gatc.or.kr/bbs/index.php?so_table=notice&b_type=%EC%A7%80%EC%9B%90%EC%82%AC%EC%97%85' was loaded over HTTPS, but requested an insecure stylesheet 'http://fonts.googleapis.com/earlyaccess/nanumgothic.css'. This request has been blocked; the content must be served over HTTPS. @ https://www.gatc.or.kr/bbs/index.php?so_table=notice&b_type=%EC%A7%80%EC%9B%90%EC%82%AC%EC%97%85:32
[  535392ms] [ERROR] Failed to load resource: net::ERR_CERT_COMMON_NAME_INVALID @ https://html.soroweb.co.kr/404.html:0
[  535448ms] [ERROR] Access to font at 'https://fonts.gstatic.com/ea/notosanskr/v2/NotoSansKR-Medium.woff2' from origin 'https://www.gatc.or.kr' has been blocked by CORS policy: No 'Access-Control-Allow-Origin' header is present on the requested resource. @ https://www.gatc.or.kr/bbs/index.php?so_table=notice&b_type=%EC%A7%80%EC%9B%90%EC%82%AC%EC%97%85:0
[  535448ms] [ERROR] Failed to load resource: net::ERR_FAILED @ https://fonts.gstatic.com/ea/notosanskr/v2/NotoSansKR-Medium.woff2:0
[  535452ms] [ERROR] Access to font at 'https://fonts.gstatic.com/ea/notosanskr/v2/NotoSansKR-Regular.woff2' from origin 'https://www.gatc.or.kr' has been blocked by CORS policy: No 'Access-Control-Allow-Origin' header is present on the requested resource. @ https://www.gatc.or.kr/bbs/index.php?so_table=notice&b_type=%EC%A7%80%EC%9B%90%EC%82%AC%EC%97%85:0
[  535452ms] [ERROR] Failed to load resource: net::ERR_FAILED @ https://fonts.gstatic.com/ea/notosanskr/v2/NotoSansKR-Regular.woff2:0
[  535569ms] [ERROR] Access to font at 'https://fonts.gstatic.com/ea/notosanskr/v2/NotoSansKR-Regular.woff' from origin 'https://www.gatc.or.kr' has been blocked by CORS policy: No 'Access-Control-Allow-Origin' header is present on the requested resource. @ https://www.gatc.or.kr/bbs/index.php?so_table=notice&b_type=%EC%A7%80%EC%9B%90%EC%82%AC%EC%97%85:0
[  535569ms] [ERROR] Failed to load resource: net::ERR_FAILED @ https://fonts.gstatic.com/ea/notosanskr/v2/NotoSansKR-Regular.woff:0
[  535571ms] [ERROR] Access to font at 'https://fonts.gstatic.com/ea/notosanskr/v2/NotoSansKR-Medium.woff' from origin 'https://www.gatc.or.kr' has been blocked by CORS policy: No 'Access-Control-Allow-Origin' header is present on the requested resource. @ https://www.gatc.or.kr/bbs/index.php?so_table=notice&b_type=%EC%A7%80%EC%9B%90%EC%82%AC%EC%97%85:0
[  535572ms] [ERROR] Failed to load resource: net::ERR_FAILED @ https://fonts.gstatic.com/ea/notosanskr/v2/NotoSansKR-Medium.woff:0
[  535652ms] [ERROR] Access to font at 'https://fonts.gstatic.com/ea/notosanskr/v2/NotoSansKR-Medium.otf' from origin 'https://www.gatc.or.kr' has been blocked by CORS policy: No 'Access-Control-Allow-Origin' header is present on the requested resource. @ https://www.gatc.or.kr/bbs/index.php?so_table=notice&b_type=%EC%A7%80%EC%9B%90%EC%82%AC%EC%97%85:0
[  535652ms] [ERROR] Failed to load resource: net::ERR_FAILED @ https://fonts.gstatic.com/ea/notosanskr/v2/NotoSansKR-Medium.otf:0
[  535657ms] [ERROR] Access to font at 'https://fonts.gstatic.com/ea/notosanskr/v2/NotoSansKR-Regular.otf' from origin 'https://www.gatc.or.kr' has been blocked by CORS policy: No 'Access-Control-Allow-Origin' header is present on the requested resource. @ https://www.gatc.or.kr/bbs/index.php?so_table=notice&b_type=%EC%A7%80%EC%9B%90%EC%82%AC%EC%97%85:0
[  535657ms] [ERROR] Failed to load resource: net::ERR_FAILED @ https://fonts.gstatic.com/ea/notosanskr/v2/NotoSansKR-Regular.otf:0
[  535671ms] [ERROR] Mixed Content: The page at 'https://www.gatc.or.kr/bbs/index.php?so_table=notice&b_type=%EC%A7%80%EC%9B%90%EC%82%AC%EC%97%85' was loaded over HTTPS, but requested an insecure favicon 'http://html.soroweb.co.kr/404.html'. This request has been blocked; the content must be served over HTTPS. @ https://www.gatc.or.kr/bbs/index.php?so_table=notice&b_type=%EC%A7%80%EC%9B%90%EC%82%AC%EC%97%85:0
[  535682ms] [ERROR] Mixed Content: The page at 'https://www.gatc.or.kr/bbs/index.php?so_table=notice&b_type=%EC%A7%80%EC%9B%90%EC%82%AC%EC%97%85' was loaded over HTTPS, but requested an insecure favicon 'http://html.soroweb.co.kr/404.html'. This request has been blocked; the content must be served over HTTPS. @ https://www.gatc.or.kr/bbs/index.php?so_table=notice&b_type=%EC%A7%80%EC%9B%90%EC%82%AC%EC%97%85:0
[  542589ms] [ERROR] Mixed Content: The page at 'https://www.gatc.or.kr/bbs/index.php?so_table=notice' was loaded over HTTPS, but requested an insecure stylesheet 'http://fonts.googleapis.com/earlyaccess/nanumgothic.css'. This request has been blocked; the content must be served over HTTPS. @ https://www.gatc.or.kr/bbs/index.php?so_table=notice:32
[  542627ms] [ERROR] Failed to load resource: net::ERR_CERT_COMMON_NAME_INVALID @ https://html.soroweb.co.kr/404.html:0
[  542677ms] [ERROR] Access to font at 'https://fonts.gstatic.com/ea/notosanskr/v2/NotoSansKR-Medium.woff2' from origin 'https://www.gatc.or.kr' has been blocked by CORS policy: No 'Access-Control-Allow-Origin' header is present on the requested resource. @ https://www.gatc.or.kr/bbs/index.php?so_table=notice:0
[  542678ms] [ERROR] Failed to load resource: net::ERR_FAILED @ https://fonts.gstatic.com/ea/notosanskr/v2/NotoSansKR-Medium.woff2:0
[  542684ms] [ERROR] Access to font at 'https://fonts.gstatic.com/ea/notosanskr/v2/NotoSansKR-Regular.woff2' from origin 'https://www.gatc.or.kr' has been blocked by CORS policy: No 'Access-Control-Allow-Origin' header is present on the requested resource. @ https://www.gatc.or.kr/bbs/index.php?so_table=notice:0
[  542684ms] [ERROR] Failed to load resource: net::ERR_FAILED @ https://fonts.gstatic.com/ea/notosanskr/v2/NotoSansKR-Regular.woff2:0
[  542747ms] [ERROR] Access to font at 'https://fonts.gstatic.com/ea/notosanskr/v2/NotoSansKR-Medium.woff' from origin 'https://www.gatc.or.kr' has been blocked by CORS policy: No 'Access-Control-Allow-Origin' header is present on the requested resource. @ https://www.gatc.or.kr/bbs/index.php?so_table=notice:0
[  542748ms] [ERROR] Failed to load resource: net::ERR_FAILED @ https://fonts.gstatic.com/ea/notosanskr/v2/NotoSansKR-Medium.woff:0
[  542760ms] [ERROR] Access to font at 'https://fonts.gstatic.com/ea/notosanskr/v2/NotoSansKR-Regular.woff' from origin 'https://www.gatc.or.kr' has been blocked by CORS policy: No 'Access-Control-Allow-Origin' header is present on the requested resource. @ https://www.gatc.or.kr/bbs/index.php?so_table=notice:0
[  542760ms] [ERROR] Failed to load resource: net::ERR_FAILED @ https://fonts.gstatic.com/ea/notosanskr/v2/NotoSansKR-Regular.woff:0
[  542820ms] [ERROR] Access to font at 'https://fonts.gstatic.com/ea/notosanskr/v2/NotoSansKR-Medium.otf' from origin 'https://www.gatc.or.kr' has been blocked by CORS policy: No 'Access-Control-Allow-Origin' header is present on the requested resource. @ https://www.gatc.or.kr/bbs/index.php?so_table=notice:0
[  542820ms] [ERROR] Failed to load resource: net::ERR_FAILED @ https://fonts.gstatic.com/ea/notosanskr/v2/NotoSansKR-Medium.otf:0
[  542833ms] [ERROR] Access to font at 'https://fonts.gstatic.com/ea/notosanskr/v2/NotoSansKR-Regular.otf' from origin 'https://www.gatc.or.kr' has been blocked by CORS policy: No 'Access-Control-Allow-Origin' header is present on the requested resource. @ https://www.gatc.or.kr/bbs/index.php?so_table=notice:0
[  542834ms] [ERROR] Failed to load resource: net::ERR_FAILED @ https://fonts.gstatic.com/ea/notosanskr/v2/NotoSansKR-Regular.otf:0
[  542868ms] [ERROR] Mixed Content: The page at 'https://www.gatc.or.kr/bbs/index.php?so_table=notice' was loaded over HTTPS, but requested an insecure favicon 'http://html.soroweb.co.kr/404.html'. This request has been blocked; the content must be served over HTTPS. @ https://www.gatc.or.kr/bbs/index.php?so_table=notice:0
[  542879ms] [ERROR] Mixed Content: The page at 'https://www.gatc.or.kr/bbs/index.php?so_table=notice' was loaded over HTTPS, but requested an insecure favicon 'http://html.soroweb.co.kr/404.html'. This request has been blocked; the content must be served over HTTPS. @ https://www.gatc.or.kr/bbs/index.php?so_table=notice:0
