[   13013ms] [INFO] %cDownload the React DevTools for a better development experience: https://react.dev/link/react-devtools font-weight:bold @ http://localhost:3007/_next/static/chunks/fdf70_next_dist_ddd832aa._.js:2297
[   13128ms] [LOG] [HMR] connected @ http://localhost:3007/_next/static/chunks/fdf70_next_dist_ddd832aa._.js:2297
[   13335ms] [LOG] [Fast Refresh] rebuilding @ http://localhost:3007/_next/static/chunks/fdf70_next_dist_ddd832aa._.js:2297
[   13408ms] [ERROR] Failed to load resource: the server responded with a status of 400 () @ https://clerk.gwatc.cloud/v1/client?__clerk_api_version=2025-11-10&_clerk_js_version=5.125.10:0
[   13447ms] [ERROR] Failed to load resource: the server responded with a status of 400 () @ https://clerk.gwatc.cloud/v1/environment?__clerk_api_version=2025-11-10&_clerk_js_version=5.125.10:0
[   13450ms] [ERROR] e: Clerk: Production Keys are only allowed for domain "gwatc.cloud". 
API Error: The Request HTTP Origin header must be equal to or a subdomain of the requesting URL.
    at https://clerk.gwatc.cloud/npm/@clerk/clerk-js@5/dist/clerk.browser.js:2:7182
    at u._baseFetch (https://clerk.gwatc.cloud/npm/@clerk/clerk-js@5/dist/clerk.browser.js:3:38)
    at async d.execute (https://clerk.gwatc.cloud/npm/@clerk/clerk-js@5/dist/clerk.browser.js:2:5226)
    at async s._baseGet (https://clerk.gwatc.cloud/npm/@clerk/clerk-js@5/dist/clerk.browser.js:3:567)
    at async Promise.all (index 1)
    at async #U (https://clerk.gwatc.cloud/npm/@clerk/clerk-js@5/dist/clerk.browser.js:5:73576)
    at async e5.load (https://clerk.gwatc.cloud/npm/@clerk/clerk-js@5/dist/clerk.browser.js:5:34357)
    at async _IsomorphicClerk.loadClerkJS (http://localhost:3007/_next/static/chunks/node_modules__pnpm_9ff10225._.js:11569:17) @ http://localhost:3007/_next/static/chunks/fdf70_next_dist_ddd832aa._.js:3127
[   15379ms] [LOG] [Fast Refresh] done in 2144ms @ http://localhost:3007/_next/static/chunks/fdf70_next_dist_ddd832aa._.js:2297
[   15491ms] [LOG] [Fast Refresh] rebuilding @ http://localhost:3007/_next/static/chunks/fdf70_next_dist_ddd832aa._.js:2297
[   15494ms] [LOG] [Fast Refresh] done in 114ms @ http://localhost:3007/_next/static/chunks/fdf70_next_dist_ddd832aa._.js:2297
[   16425ms] [ERROR] Failed to load resource: the server responded with a status of 500 (Internal Server Error) @ http://localhost:3007/favicon.ico:0
[   19497ms] [WARNING] The resource http://localhost:3007/_next/static/chunks/apps_approval_app_globals_345a096f.css was preloaded using link preload but not used within a few seconds from the window's load event. Please make sure it has an appropriate `as` value and it is preloaded intentionally. @ http://localhost:3007/sign-in?redirect_url=http%3A%2F%2Flocalhost%3A3007%2F:0
