[     425ms] [LOG] %c[Vercel Speed Insights]%c [vitals] color: rgb(120, 120, 120) color: inherit {speed: 4g, metrics: Array(3), scriptVersion: 0.1.3, sdkName: @vercel/speed-insights/next, sdkVersion: 1.3.1} /_vercel/speed-insights/vitals @ webpack-internal:///(app-pages-browser)/../../node_modules/.pnpm/next@16.1.1_@babel+core@7.2_44ddf4d2a14008cea0ed17b1d2e3ad2c/node_modules/next/dist/next-devtools/shared/forward-logs-shared.js:27
[     426ms] [LOG] %c[Vercel Speed Insights]%c [vitals] color: rgb(120, 120, 120) color: inherit {speed: 4g, metrics: Array(1), scriptVersion: 0.1.3, sdkName: @vercel/speed-insights/next, sdkVersion: 1.3.1} /_vercel/speed-insights/vitals @ webpack-internal:///(app-pages-browser)/../../node_modules/.pnpm/next@16.1.1_@babel+core@7.2_44ddf4d2a14008cea0ed17b1d2e3ad2c/node_modules/next/dist/next-devtools/shared/forward-logs-shared.js:27
[    1057ms] [INFO] %cDownload the React DevTools for a better development experience: https://react.dev/link/react-devtools font-weight:bold @ webpack-internal:///(app-pages-browser)/../../node_modules/.pnpm/next@16.1.1_@babel+core@7.2_44ddf4d2a14008cea0ed17b1d2e3ad2c/node_modules/next/dist/next-devtools/shared/forward-logs-shared.js:27
[    1197ms] [ERROR] %c%s%c 카테고리별 공지사항 조회 실패: background: #e6e6e6;background: light-dark(rgba(0,0,0,0.1), rgba(255,255,255,0.25));color: #000000;color: light-dark(#000000, #ffffff);border-radius: 2px  Server   {code: 42703, details: null, hint: null, message: column notices.attachments does not exist} @ webpack-internal:///(app-pages-browser)/../../node_modules/.pnpm/next@16.1.1_@babel+core@7.2_44ddf4d2a14008cea0ed17b1d2e3ad2c/node_modules/next/dist/next-devtools/userspace/app/errors/intercept-console-error.js:51
[    1198ms] [LOG] %c%s%c attachments 컬럼이 없습니다. 기본 필드만 조회합니다. background: #e6e6e6;background: light-dark(rgba(0,0,0,0.1), rgba(255,255,255,0.25));color: #000000;color: light-dark(#000000, #ffffff);border-radius: 2px  Server   @ webpack-internal:///(app-pages-browser)/../../node_modules/.pnpm/next@16.1.1_@babel+core@7.2_44ddf4d2a14008cea0ed17b1d2e3ad2c/node_modules/next/dist/next-devtools/shared/forward-logs-shared.js:27
[    1231ms] [LOG] [HMR] connected @ webpack-internal:///(app-pages-browser)/../../node_modules/.pnpm/next@16.1.1_@babel+core@7.2_44ddf4d2a14008cea0ed17b1d2e3ad2c/node_modules/next/dist/next-devtools/shared/forward-logs-shared.js:27
[    1499ms] [WARNING] Note: Some companies are required to obtain a license to use Remotion. See: https://remotion.dev/license
Pass the `acknowledgeRemotionLicense` prop to `<Player />` function to make this message disappear. @ webpack-internal:///(app-pages-browser)/../../node_modules/.pnpm/next@16.1.1_@babel+core@7.2_44ddf4d2a14008cea0ed17b1d2e3ad2c/node_modules/next/dist/next-devtools/shared/forward-logs-shared.js:27
[    1537ms] [ERROR] Failed to load resource: the server responded with a status of 400 () @ https://clerk.gwatc.cloud/v1/client?__clerk_api_version=2025-11-10&_clerk_js_version=5.125.13:0
[    1689ms] [ERROR] Failed to load resource: the server responded with a status of 400 () @ https://clerk.gwatc.cloud/v1/environment?__clerk_api_version=2025-11-10&_clerk_js_version=5.125.13:0
[    1696ms] [ERROR] e: Clerk: Production Keys are only allowed for domain "gwatc.cloud". 
API Error: The Request HTTP Origin header must be equal to or a subdomain of the requesting URL.
    at https://clerk.gwatc.cloud/npm/@clerk/clerk-js@5/dist/clerk.browser.js:2:7306
    at u._baseFetch (https://clerk.gwatc.cloud/npm/@clerk/clerk-js@5/dist/clerk.browser.js:3:38)
    at async d.execute (https://clerk.gwatc.cloud/npm/@clerk/clerk-js@5/dist/clerk.browser.js:2:5350)
    at async s._baseGet (https://clerk.gwatc.cloud/npm/@clerk/clerk-js@5/dist/clerk.browser.js:3:567)
    at async Promise.all (index 1)
    at async #U (https://clerk.gwatc.cloud/npm/@clerk/clerk-js@5/dist/clerk.browser.js:5:73602)
    at async e5.load (https://clerk.gwatc.cloud/npm/@clerk/clerk-js@5/dist/clerk.browser.js:5:34383)
    at async _IsomorphicClerk.loadClerkJS (webpack-internal:///(app-pages-browser)/../../node_modules/.pnpm/@clerk+clerk-react@5.59.0_r_9b6cab8f62a8deaaccdbe0852cd4a42d/node_modules/@clerk/clerk-react/dist/index.mjs:1720:9) @ webpack-internal:///(app-pages-browser)/../../node_modules/.pnpm/next@16.1.1_@babel+core@7.2_44ddf4d2a14008cea0ed17b1d2e3ad2c/node_modules/next/dist/next-devtools/userspace/app/errors/intercept-console-error.js:51
[    1735ms] [LOG] %c[Vercel Web Analytics]%c Debug mode is enabled by default in development. No requests will be sent to the server. color: rgb(120, 120, 120) color: inherit @ webpack-internal:///(app-pages-browser)/../../node_modules/.pnpm/next@16.1.1_@babel+core@7.2_44ddf4d2a14008cea0ed17b1d2e3ad2c/node_modules/next/dist/next-devtools/shared/forward-logs-shared.js:27
[    1736ms] [LOG] %c[Vercel Web Analytics]%c [view] http://localhost:3010/ color: rgb(120, 120, 120) color: inherit {o: http://localhost:3010/, sv: 0.1.3, sdkn: @vercel/analytics/react, sdkv: 1.6.1, ts: 1781309378953} /_vercel/insights/view @ webpack-internal:///(app-pages-browser)/../../node_modules/.pnpm/next@16.1.1_@babel+core@7.2_44ddf4d2a14008cea0ed17b1d2e3ad2c/node_modules/next/dist/next-devtools/shared/forward-logs-shared.js:27
[    1740ms] [LOG] %c[Vercel Speed Insights]%c Debug mode is enabled by default in development. No requests will be sent to the server. color: rgb(120, 120, 120) color: inherit @ webpack-internal:///(app-pages-browser)/../../node_modules/.pnpm/next@16.1.1_@babel+core@7.2_44ddf4d2a14008cea0ed17b1d2e3ad2c/node_modules/next/dist/next-devtools/shared/forward-logs-shared.js:27
[ 4410004ms] [LOG] [Fast Refresh] rebuilding @ webpack-internal:///(app-pages-browser)/../../node_modules/.pnpm/next@16.1.1_@babel+core@7.2_44ddf4d2a14008cea0ed17b1d2e3ad2c/node_modules/next/dist/next-devtools/shared/forward-logs-shared.js:27
[ 4420263ms] [LOG] [Fast Refresh] done in 10265ms @ webpack-internal:///(app-pages-browser)/../../node_modules/.pnpm/next@16.1.1_@babel+core@7.2_44ddf4d2a14008cea0ed17b1d2e3ad2c/node_modules/next/dist/next-devtools/shared/forward-logs-shared.js:27
[ 4436299ms] [LOG] [Fast Refresh] rebuilding @ webpack-internal:///(app-pages-browser)/../../node_modules/.pnpm/next@16.1.1_@babel+core@7.2_44ddf4d2a14008cea0ed17b1d2e3ad2c/node_modules/next/dist/next-devtools/shared/forward-logs-shared.js:27
[ 4436952ms] [LOG] [Fast Refresh] done in 654ms @ webpack-internal:///(app-pages-browser)/../../node_modules/.pnpm/next@16.1.1_@babel+core@7.2_44ddf4d2a14008cea0ed17b1d2e3ad2c/node_modules/next/dist/next-devtools/shared/forward-logs-shared.js:27
[ 5410439ms] [LOG] [Fast Refresh] rebuilding @ webpack-internal:///(app-pages-browser)/../../node_modules/.pnpm/next@16.1.1_@babel+core@7.2_44ddf4d2a14008cea0ed17b1d2e3ad2c/node_modules/next/dist/next-devtools/shared/forward-logs-shared.js:27
[ 5413361ms] [LOG] [Fast Refresh] done in 2923ms @ webpack-internal:///(app-pages-browser)/../../node_modules/.pnpm/next@16.1.1_@babel+core@7.2_44ddf4d2a14008cea0ed17b1d2e3ad2c/node_modules/next/dist/next-devtools/shared/forward-logs-shared.js:27
[ 5414394ms] [ERROR] %c%s%c 카테고리별 공지사항 조회 실패: background: #e6e6e6;background: light-dark(rgba(0,0,0,0.1), rgba(255,255,255,0.25));color: #000000;color: light-dark(#000000, #ffffff);border-radius: 2px  Server   {code: 42703, details: null, hint: null, message: column notices.attachments does not exist} @ webpack-internal:///(app-pages-browser)/../../node_modules/.pnpm/next@16.1.1_@babel+core@7.2_44ddf4d2a14008cea0ed17b1d2e3ad2c/node_modules/next/dist/next-devtools/userspace/app/errors/intercept-console-error.js:51
[ 5414400ms] [LOG] %c%s%c attachments 컬럼이 없습니다. 기본 필드만 조회합니다. background: #e6e6e6;background: light-dark(rgba(0,0,0,0.1), rgba(255,255,255,0.25));color: #000000;color: light-dark(#000000, #ffffff);border-radius: 2px  Server   @ webpack-internal:///(app-pages-browser)/../../node_modules/.pnpm/next@16.1.1_@babel+core@7.2_44ddf4d2a14008cea0ed17b1d2e3ad2c/node_modules/next/dist/next-devtools/shared/forward-logs-shared.js:27
[ 5414969ms] [LOG] [Fast Refresh] rebuilding @ webpack-internal:///(app-pages-browser)/../../node_modules/.pnpm/next@16.1.1_@babel+core@7.2_44ddf4d2a14008cea0ed17b1d2e3ad2c/node_modules/next/dist/next-devtools/shared/forward-logs-shared.js:27
[ 5415735ms] [LOG] [Fast Refresh] done in 766ms @ webpack-internal:///(app-pages-browser)/../../node_modules/.pnpm/next@16.1.1_@babel+core@7.2_44ddf4d2a14008cea0ed17b1d2e3ad2c/node_modules/next/dist/next-devtools/shared/forward-logs-shared.js:27
[ 6143186ms] [LOG] [Fast Refresh] rebuilding @ webpack-internal:///(app-pages-browser)/../../node_modules/.pnpm/next@16.1.1_@babel+core@7.2_44ddf4d2a14008cea0ed17b1d2e3ad2c/node_modules/next/dist/next-devtools/shared/forward-logs-shared.js:27
[ 6143648ms] [LOG] [Fast Refresh] done in 462ms @ webpack-internal:///(app-pages-browser)/../../node_modules/.pnpm/next@16.1.1_@babel+core@7.2_44ddf4d2a14008cea0ed17b1d2e3ad2c/node_modules/next/dist/next-devtools/shared/forward-logs-shared.js:27
[ 6144167ms] [LOG] %c%s%c attachments 컬럼이 없습니다. 기본 필드만 조회합니다. background: #e6e6e6;background: light-dark(rgba(0,0,0,0.1), rgba(255,255,255,0.25));color: #000000;color: light-dark(#000000, #ffffff);border-radius: 2px  Server   @ webpack-internal:///(app-pages-browser)/../../node_modules/.pnpm/next@16.1.1_@babel+core@7.2_44ddf4d2a14008cea0ed17b1d2e3ad2c/node_modules/next/dist/next-devtools/shared/forward-logs-shared.js:27
[ 6144199ms] [ERROR] %c%s%c 카테고리별 공지사항 조회 실패: background: #e6e6e6;background: light-dark(rgba(0,0,0,0.1), rgba(255,255,255,0.25));color: #000000;color: light-dark(#000000, #ffffff);border-radius: 2px  Server   {code: 42703, details: null, hint: null, message: column notices.attachments does not exist} @ webpack-internal:///(app-pages-browser)/../../node_modules/.pnpm/next@16.1.1_@babel+core@7.2_44ddf4d2a14008cea0ed17b1d2e3ad2c/node_modules/next/dist/next-devtools/userspace/app/errors/intercept-console-error.js:51
[ 6147822ms] [LOG] [Fast Refresh] rebuilding @ webpack-internal:///(app-pages-browser)/../../node_modules/.pnpm/next@16.1.1_@babel+core@7.2_44ddf4d2a14008cea0ed17b1d2e3ad2c/node_modules/next/dist/next-devtools/shared/forward-logs-shared.js:27
[ 6148090ms] [LOG] [Fast Refresh] done in 268ms @ webpack-internal:///(app-pages-browser)/../../node_modules/.pnpm/next@16.1.1_@babel+core@7.2_44ddf4d2a14008cea0ed17b1d2e3ad2c/node_modules/next/dist/next-devtools/shared/forward-logs-shared.js:27
[ 6148218ms] [ERROR] %c%s%c 카테고리별 공지사항 조회 실패: background: #e6e6e6;background: light-dark(rgba(0,0,0,0.1), rgba(255,255,255,0.25));color: #000000;color: light-dark(#000000, #ffffff);border-radius: 2px  Server   {code: 42703, details: null, hint: null, message: column notices.attachments does not exist} @ webpack-internal:///(app-pages-browser)/../../node_modules/.pnpm/next@16.1.1_@babel+core@7.2_44ddf4d2a14008cea0ed17b1d2e3ad2c/node_modules/next/dist/next-devtools/userspace/app/errors/intercept-console-error.js:51
[ 6148219ms] [LOG] %c%s%c attachments 컬럼이 없습니다. 기본 필드만 조회합니다. background: #e6e6e6;background: light-dark(rgba(0,0,0,0.1), rgba(255,255,255,0.25));color: #000000;color: light-dark(#000000, #ffffff);border-radius: 2px  Server   @ webpack-internal:///(app-pages-browser)/../../node_modules/.pnpm/next@16.1.1_@babel+core@7.2_44ddf4d2a14008cea0ed17b1d2e3ad2c/node_modules/next/dist/next-devtools/shared/forward-logs-shared.js:27
[ 6152280ms] [LOG] [Fast Refresh] rebuilding @ webpack-internal:///(app-pages-browser)/../../node_modules/.pnpm/next@16.1.1_@babel+core@7.2_44ddf4d2a14008cea0ed17b1d2e3ad2c/node_modules/next/dist/next-devtools/shared/forward-logs-shared.js:27
[ 6152539ms] [LOG] [Fast Refresh] done in 259ms @ webpack-internal:///(app-pages-browser)/../../node_modules/.pnpm/next@16.1.1_@babel+core@7.2_44ddf4d2a14008cea0ed17b1d2e3ad2c/node_modules/next/dist/next-devtools/shared/forward-logs-shared.js:27
[ 6152732ms] [ERROR] %c%s%c 카테고리별 공지사항 조회 실패: background: #e6e6e6;background: light-dark(rgba(0,0,0,0.1), rgba(255,255,255,0.25));color: #000000;color: light-dark(#000000, #ffffff);border-radius: 2px  Server   {code: 42703, details: null, hint: null, message: column notices.attachments does not exist} @ webpack-internal:///(app-pages-browser)/../../node_modules/.pnpm/next@16.1.1_@babel+core@7.2_44ddf4d2a14008cea0ed17b1d2e3ad2c/node_modules/next/dist/next-devtools/userspace/app/errors/intercept-console-error.js:51
[ 6152734ms] [LOG] %c%s%c attachments 컬럼이 없습니다. 기본 필드만 조회합니다. background: #e6e6e6;background: light-dark(rgba(0,0,0,0.1), rgba(255,255,255,0.25));color: #000000;color: light-dark(#000000, #ffffff);border-radius: 2px  Server   @ webpack-internal:///(app-pages-browser)/../../node_modules/.pnpm/next@16.1.1_@babel+core@7.2_44ddf4d2a14008cea0ed17b1d2e3ad2c/node_modules/next/dist/next-devtools/shared/forward-logs-shared.js:27
[ 6282539ms] [LOG] [Fast Refresh] rebuilding @ webpack-internal:///(app-pages-browser)/../../node_modules/.pnpm/next@16.1.1_@babel+core@7.2_44ddf4d2a14008cea0ed17b1d2e3ad2c/node_modules/next/dist/next-devtools/shared/forward-logs-shared.js:27
[ 6282979ms] [LOG] [Fast Refresh] rebuilding @ webpack-internal:///(app-pages-browser)/../../node_modules/.pnpm/next@16.1.1_@babel+core@7.2_44ddf4d2a14008cea0ed17b1d2e3ad2c/node_modules/next/dist/next-devtools/shared/forward-logs-shared.js:27
[ 6282992ms] [LOG] [Fast Refresh] done in 13ms @ webpack-internal:///(app-pages-browser)/../../node_modules/.pnpm/next@16.1.1_@babel+core@7.2_44ddf4d2a14008cea0ed17b1d2e3ad2c/node_modules/next/dist/next-devtools/shared/forward-logs-shared.js:27
[ 6284017ms] [LOG] [Fast Refresh] done in 1039ms @ webpack-internal:///(app-pages-browser)/../../node_modules/.pnpm/next@16.1.1_@babel+core@7.2_44ddf4d2a14008cea0ed17b1d2e3ad2c/node_modules/next/dist/next-devtools/shared/forward-logs-shared.js:27
[ 6284572ms] [LOG] [Fast Refresh] rebuilding @ webpack-internal:///(app-pages-browser)/../../node_modules/.pnpm/next@16.1.1_@babel+core@7.2_44ddf4d2a14008cea0ed17b1d2e3ad2c/node_modules/next/dist/next-devtools/shared/forward-logs-shared.js:27
[ 6285178ms] [LOG] %c%s%c attachments 컬럼이 없습니다. 기본 필드만 조회합니다. background: #e6e6e6;background: light-dark(rgba(0,0,0,0.1), rgba(255,255,255,0.25));color: #000000;color: light-dark(#000000, #ffffff);border-radius: 2px  Server   @ webpack-internal:///(app-pages-browser)/../../node_modules/.pnpm/next@16.1.1_@babel+core@7.2_44ddf4d2a14008cea0ed17b1d2e3ad2c/node_modules/next/dist/next-devtools/shared/forward-logs-shared.js:27
[ 6285179ms] [ERROR] %c%s%c 카테고리별 공지사항 조회 실패: background: #e6e6e6;background: light-dark(rgba(0,0,0,0.1), rgba(255,255,255,0.25));color: #000000;color: light-dark(#000000, #ffffff);border-radius: 2px  Server   {code: 42703, details: null, hint: null, message: column notices.attachments does not exist} @ webpack-internal:///(app-pages-browser)/../../node_modules/.pnpm/next@16.1.1_@babel+core@7.2_44ddf4d2a14008cea0ed17b1d2e3ad2c/node_modules/next/dist/next-devtools/userspace/app/errors/intercept-console-error.js:51
[ 6287041ms] [LOG] [Fast Refresh] done in 2472ms @ webpack-internal:///(app-pages-browser)/../../node_modules/.pnpm/next@16.1.1_@babel+core@7.2_44ddf4d2a14008cea0ed17b1d2e3ad2c/node_modules/next/dist/next-devtools/shared/forward-logs-shared.js:27
[ 6287449ms] [LOG] [Fast Refresh] rebuilding @ webpack-internal:///(app-pages-browser)/../../node_modules/.pnpm/next@16.1.1_@babel+core@7.2_44ddf4d2a14008cea0ed17b1d2e3ad2c/node_modules/next/dist/next-devtools/shared/forward-logs-shared.js:27
[ 6288861ms] [LOG] [Fast Refresh] done in 1412ms @ webpack-internal:///(app-pages-browser)/../../node_modules/.pnpm/next@16.1.1_@babel+core@7.2_44ddf4d2a14008cea0ed17b1d2e3ad2c/node_modules/next/dist/next-devtools/shared/forward-logs-shared.js:27
[ 6289302ms] [ERROR] %c%s%c 카테고리별 공지사항 조회 실패: background: #e6e6e6;background: light-dark(rgba(0,0,0,0.1), rgba(255,255,255,0.25));color: #000000;color: light-dark(#000000, #ffffff);border-radius: 2px  Server   {code: 42703, details: null, hint: null, message: column notices.attachments does not exist} @ webpack-internal:///(app-pages-browser)/../../node_modules/.pnpm/next@16.1.1_@babel+core@7.2_44ddf4d2a14008cea0ed17b1d2e3ad2c/node_modules/next/dist/next-devtools/userspace/app/errors/intercept-console-error.js:51
[ 6289302ms] [LOG] %c%s%c attachments 컬럼이 없습니다. 기본 필드만 조회합니다. background: #e6e6e6;background: light-dark(rgba(0,0,0,0.1), rgba(255,255,255,0.25));color: #000000;color: light-dark(#000000, #ffffff);border-radius: 2px  Server   @ webpack-internal:///(app-pages-browser)/../../node_modules/.pnpm/next@16.1.1_@babel+core@7.2_44ddf4d2a14008cea0ed17b1d2e3ad2c/node_modules/next/dist/next-devtools/shared/forward-logs-shared.js:27
[ 6289524ms] [INFO] Banner not shown: beforeinstallpromptevent.preventDefault() called. The page must call beforeinstallpromptevent.prompt() to show the banner. @ http://localhost:3010/:0
[ 6733181ms] [LOG] %c[Vercel Speed Insights]%c [vitals] color: rgb(120, 120, 120) color: inherit {speed: 4g, metrics: Array(5), scriptVersion: 0.1.3, sdkName: @vercel/speed-insights/next, sdkVersion: 1.3.1} /_vercel/speed-insights/vitals @ webpack-internal:///(app-pages-browser)/../../node_modules/.pnpm/next@16.1.1_@babel+core@7.2_44ddf4d2a14008cea0ed17b1d2e3ad2c/node_modules/next/dist/next-devtools/shared/forward-logs-shared.js:27
[ 6733183ms] [LOG] %c[Vercel Speed Insights]%c [vitals] color: rgb(120, 120, 120) color: inherit {speed: 4g, metrics: Array(1), scriptVersion: 0.1.3, sdkName: @vercel/speed-insights/next, sdkVersion: 1.3.1} /_vercel/speed-insights/vitals @ webpack-internal:///(app-pages-browser)/../../node_modules/.pnpm/next@16.1.1_@babel+core@7.2_44ddf4d2a14008cea0ed17b1d2e3ad2c/node_modules/next/dist/next-devtools/shared/forward-logs-shared.js:27
