[     370ms] [LOG] %c[Vercel Speed Insights]%c [vitals] color: rgb(120, 120, 120) color: inherit {speed: 4g, metrics: Array(3), scriptVersion: 0.1.3, sdkName: @vercel/speed-insights/next, sdkVersion: 1.3.1} /_vercel/speed-insights/vitals @ webpack-internal:///(app-pages-browser)/../../node_modules/.pnpm/next@16.1.1_@babel+core@7.2_44ddf4d2a14008cea0ed17b1d2e3ad2c/node_modules/next/dist/next-devtools/shared/forward-logs-shared.js:27
[     371ms] [LOG] %c[Vercel Speed Insights]%c [vitals] color: rgb(120, 120, 120) color: inherit {speed: 4g, metrics: Array(1), scriptVersion: 0.1.3, sdkName: @vercel/speed-insights/next, sdkVersion: 1.3.1} /_vercel/speed-insights/vitals @ webpack-internal:///(app-pages-browser)/../../node_modules/.pnpm/next@16.1.1_@babel+core@7.2_44ddf4d2a14008cea0ed17b1d2e3ad2c/node_modules/next/dist/next-devtools/shared/forward-logs-shared.js:27
[     895ms] [INFO] %cDownload the React DevTools for a better development experience: https://react.dev/link/react-devtools font-weight:bold @ webpack-internal:///(app-pages-browser)/../../node_modules/.pnpm/next@16.1.1_@babel+core@7.2_44ddf4d2a14008cea0ed17b1d2e3ad2c/node_modules/next/dist/next-devtools/shared/forward-logs-shared.js:27
[    1018ms] [ERROR] %c%s%c 카테고리별 공지사항 조회 실패: background: #e6e6e6;background: light-dark(rgba(0,0,0,0.1), rgba(255,255,255,0.25));color: #000000;color: light-dark(#000000, #ffffff);border-radius: 2px  Server   column notices.attachments does not exist {code: 42703, details: null, hint: null} @ webpack-internal:///(app-pages-browser)/../../node_modules/.pnpm/next@16.1.1_@babel+core@7.2_44ddf4d2a14008cea0ed17b1d2e3ad2c/node_modules/next/dist/next-devtools/userspace/app/errors/intercept-console-error.js:51
[    1020ms] [LOG] %c%s%c attachments 컬럼이 없습니다. 기본 필드만 조회합니다. background: #e6e6e6;background: light-dark(rgba(0,0,0,0.1), rgba(255,255,255,0.25));color: #000000;color: light-dark(#000000, #ffffff);border-radius: 2px  Server   @ webpack-internal:///(app-pages-browser)/../../node_modules/.pnpm/next@16.1.1_@babel+core@7.2_44ddf4d2a14008cea0ed17b1d2e3ad2c/node_modules/next/dist/next-devtools/shared/forward-logs-shared.js:27
[    1045ms] [LOG] [HMR] connected @ webpack-internal:///(app-pages-browser)/../../node_modules/.pnpm/next@16.1.1_@babel+core@7.2_44ddf4d2a14008cea0ed17b1d2e3ad2c/node_modules/next/dist/next-devtools/shared/forward-logs-shared.js:27
[    1212ms] [LOG] %c[Vercel Web Analytics]%c Debug mode is enabled by default in development. No requests will be sent to the server. color: rgb(120, 120, 120) color: inherit @ webpack-internal:///(app-pages-browser)/../../node_modules/.pnpm/next@16.1.1_@babel+core@7.2_44ddf4d2a14008cea0ed17b1d2e3ad2c/node_modules/next/dist/next-devtools/shared/forward-logs-shared.js:27
[    1213ms] [LOG] %c[Vercel Web Analytics]%c [view] http://localhost:3000/ color: rgb(120, 120, 120) color: inherit {o: http://localhost:3000/, sv: 0.1.3, sdkn: @vercel/analytics/react, sdkv: 1.6.1, ts: 1781389541849} /_vercel/insights/view @ webpack-internal:///(app-pages-browser)/../../node_modules/.pnpm/next@16.1.1_@babel+core@7.2_44ddf4d2a14008cea0ed17b1d2e3ad2c/node_modules/next/dist/next-devtools/shared/forward-logs-shared.js:27
[    1213ms] [LOG] %c[Vercel Speed Insights]%c Debug mode is enabled by default in development. No requests will be sent to the server. color: rgb(120, 120, 120) color: inherit @ webpack-internal:///(app-pages-browser)/../../node_modules/.pnpm/next@16.1.1_@babel+core@7.2_44ddf4d2a14008cea0ed17b1d2e3ad2c/node_modules/next/dist/next-devtools/shared/forward-logs-shared.js:27
[    1307ms] [WARNING] Note: Some companies are required to obtain a license to use Remotion. See: https://remotion.dev/license
Pass the `acknowledgeRemotionLicense` prop to `<Player />` function to make this message disappear. @ webpack-internal:///(app-pages-browser)/../../node_modules/.pnpm/next@16.1.1_@babel+core@7.2_44ddf4d2a14008cea0ed17b1d2e3ad2c/node_modules/next/dist/next-devtools/shared/forward-logs-shared.js:27
[    1336ms] [ERROR] Failed to load resource: the server responded with a status of 400 () @ https://clerk.gwatc.cloud/v1/environment?__clerk_api_version=2025-11-10&_clerk_js_version=5.125.13:0
[    1602ms] [ERROR] Failed to load resource: the server responded with a status of 400 () @ https://clerk.gwatc.cloud/v1/client?__clerk_api_version=2025-11-10&_clerk_js_version=5.125.13:0
[    1603ms] [ERROR] e: Clerk: Production Keys are only allowed for domain "gwatc.cloud". 
API Error: The Request HTTP Origin header must be equal to or a subdomain of the requesting URL.
    at https://clerk.gwatc.cloud/npm/@clerk/clerk-js@5/dist/clerk.browser.js:2:7306
    at u._baseFetch (https://clerk.gwatc.cloud/npm/@clerk/clerk-js@5/dist/clerk.browser.js:3:38)
    at async d.execute (https://clerk.gwatc.cloud/npm/@clerk/clerk-js@5/dist/clerk.browser.js:2:5350)
    at async s._baseGet (https://clerk.gwatc.cloud/npm/@clerk/clerk-js@5/dist/clerk.browser.js:3:567)
    at async Promise.all (index 1)
    at async #U (https://clerk.gwatc.cloud/npm/@clerk/clerk-js@5/dist/clerk.browser.js:5:73602)
    at async e5.load (https://clerk.gwatc.cloud/npm/@clerk/clerk-js@5/dist/clerk.browser.js:5:34383)
    at async _IsomorphicClerk.loadClerkJS (webpack-internal:///(app-pages-browser)/../../node_modules/.pnpm/@clerk+clerk-react@5.59.0_r_9b6cab8f62a8deaaccdbe0852cd4a42d/node_modules/@clerk/clerk-react/dist/index.mjs:1720:9) @ webpack-internal:///(app-pages-browser)/../../node_modules/.pnpm/next@16.1.1_@babel+core@7.2_44ddf4d2a14008cea0ed17b1d2e3ad2c/node_modules/next/dist/next-devtools/userspace/app/errors/intercept-console-error.js:51
[   20258ms] [LOG] %c[Vercel Speed Insights]%c [vitals] color: rgb(120, 120, 120) color: inherit {speed: 4g, metrics: Array(5), scriptVersion: 0.1.3, sdkName: @vercel/speed-insights/next, sdkVersion: 1.3.1} /_vercel/speed-insights/vitals @ webpack-internal:///(app-pages-browser)/../../node_modules/.pnpm/next@16.1.1_@babel+core@7.2_44ddf4d2a14008cea0ed17b1d2e3ad2c/node_modules/next/dist/next-devtools/shared/forward-logs-shared.js:27
[   20259ms] [LOG] %c[Vercel Speed Insights]%c [vitals] color: rgb(120, 120, 120) color: inherit {speed: 4g, metrics: Array(1), scriptVersion: 0.1.3, sdkName: @vercel/speed-insights/next, sdkVersion: 1.3.1} /_vercel/speed-insights/vitals @ webpack-internal:///(app-pages-browser)/../../node_modules/.pnpm/next@16.1.1_@babel+core@7.2_44ddf4d2a14008cea0ed17b1d2e3ad2c/node_modules/next/dist/next-devtools/shared/forward-logs-shared.js:27
[   20826ms] [INFO] %cDownload the React DevTools for a better development experience: https://react.dev/link/react-devtools font-weight:bold @ webpack-internal:///(app-pages-browser)/../../node_modules/.pnpm/next@16.1.1_@babel+core@7.2_44ddf4d2a14008cea0ed17b1d2e3ad2c/node_modules/next/dist/next-devtools/shared/forward-logs-shared.js:27
[   20911ms] [ERROR] %c%s%c 카테고리별 공지사항 조회 실패: background: #e6e6e6;background: light-dark(rgba(0,0,0,0.1), rgba(255,255,255,0.25));color: #000000;color: light-dark(#000000, #ffffff);border-radius: 2px  Server   column notices.attachments does not exist {code: 42703, details: null, hint: null} @ webpack-internal:///(app-pages-browser)/../../node_modules/.pnpm/next@16.1.1_@babel+core@7.2_44ddf4d2a14008cea0ed17b1d2e3ad2c/node_modules/next/dist/next-devtools/userspace/app/errors/intercept-console-error.js:51
[   20911ms] [LOG] %c%s%c attachments 컬럼이 없습니다. 기본 필드만 조회합니다. background: #e6e6e6;background: light-dark(rgba(0,0,0,0.1), rgba(255,255,255,0.25));color: #000000;color: light-dark(#000000, #ffffff);border-radius: 2px  Server   @ webpack-internal:///(app-pages-browser)/../../node_modules/.pnpm/next@16.1.1_@babel+core@7.2_44ddf4d2a14008cea0ed17b1d2e3ad2c/node_modules/next/dist/next-devtools/shared/forward-logs-shared.js:27
[   20934ms] [LOG] [HMR] connected @ webpack-internal:///(app-pages-browser)/../../node_modules/.pnpm/next@16.1.1_@babel+core@7.2_44ddf4d2a14008cea0ed17b1d2e3ad2c/node_modules/next/dist/next-devtools/shared/forward-logs-shared.js:27
[   21021ms] [LOG] %c[Vercel Web Analytics]%c Debug mode is enabled by default in development. No requests will be sent to the server. color: rgb(120, 120, 120) color: inherit @ webpack-internal:///(app-pages-browser)/../../node_modules/.pnpm/next@16.1.1_@babel+core@7.2_44ddf4d2a14008cea0ed17b1d2e3ad2c/node_modules/next/dist/next-devtools/shared/forward-logs-shared.js:27
[   21021ms] [LOG] %c[Vercel Web Analytics]%c [view] http://localhost:3000/ color: rgb(120, 120, 120) color: inherit {o: http://localhost:3000/, sv: 0.1.3, sdkn: @vercel/analytics/react, sdkv: 1.6.1, ts: 1781389561657} /_vercel/insights/view @ webpack-internal:///(app-pages-browser)/../../node_modules/.pnpm/next@16.1.1_@babel+core@7.2_44ddf4d2a14008cea0ed17b1d2e3ad2c/node_modules/next/dist/next-devtools/shared/forward-logs-shared.js:27
[   21022ms] [LOG] %c[Vercel Speed Insights]%c Debug mode is enabled by default in development. No requests will be sent to the server. color: rgb(120, 120, 120) color: inherit @ webpack-internal:///(app-pages-browser)/../../node_modules/.pnpm/next@16.1.1_@babel+core@7.2_44ddf4d2a14008cea0ed17b1d2e3ad2c/node_modules/next/dist/next-devtools/shared/forward-logs-shared.js:27
[   21148ms] [WARNING] Note: Some companies are required to obtain a license to use Remotion. See: https://remotion.dev/license
Pass the `acknowledgeRemotionLicense` prop to `<Player />` function to make this message disappear. @ webpack-internal:///(app-pages-browser)/../../node_modules/.pnpm/next@16.1.1_@babel+core@7.2_44ddf4d2a14008cea0ed17b1d2e3ad2c/node_modules/next/dist/next-devtools/shared/forward-logs-shared.js:27
[   21251ms] [ERROR] Failed to load resource: the server responded with a status of 400 () @ https://clerk.gwatc.cloud/v1/client?__clerk_api_version=2025-11-10&_clerk_js_version=5.125.13:0
[   21314ms] [ERROR] Failed to load resource: the server responded with a status of 400 () @ https://clerk.gwatc.cloud/v1/environment?__clerk_api_version=2025-11-10&_clerk_js_version=5.125.13:0
[   21315ms] [ERROR] e: Clerk: Production Keys are only allowed for domain "gwatc.cloud". 
API Error: The Request HTTP Origin header must be equal to or a subdomain of the requesting URL.
    at https://clerk.gwatc.cloud/npm/@clerk/clerk-js@5/dist/clerk.browser.js:2:7306
    at u._baseFetch (https://clerk.gwatc.cloud/npm/@clerk/clerk-js@5/dist/clerk.browser.js:3:38)
    at async d.execute (https://clerk.gwatc.cloud/npm/@clerk/clerk-js@5/dist/clerk.browser.js:2:5350)
    at async s._baseGet (https://clerk.gwatc.cloud/npm/@clerk/clerk-js@5/dist/clerk.browser.js:3:567)
    at async Promise.all (index 1)
    at async #U (https://clerk.gwatc.cloud/npm/@clerk/clerk-js@5/dist/clerk.browser.js:5:73602)
    at async e5.load (https://clerk.gwatc.cloud/npm/@clerk/clerk-js@5/dist/clerk.browser.js:5:34383)
    at async _IsomorphicClerk.loadClerkJS (webpack-internal:///(app-pages-browser)/../../node_modules/.pnpm/@clerk+clerk-react@5.59.0_r_9b6cab8f62a8deaaccdbe0852cd4a42d/node_modules/@clerk/clerk-react/dist/index.mjs:1720:9) @ webpack-internal:///(app-pages-browser)/../../node_modules/.pnpm/next@16.1.1_@babel+core@7.2_44ddf4d2a14008cea0ed17b1d2e3ad2c/node_modules/next/dist/next-devtools/userspace/app/errors/intercept-console-error.js:51
[   21350ms] [WARNING] The AudioContext was not allowed to start. It must be resumed (or created) after a user gesture on the page. https://developer.chrome.com/blog/autoplay/#web_audio @ webpack-internal:///(app-pages-browser)/../../node_modules/.pnpm/remotion@4.0.474_react-dom@19.2.1_react@19.2.1__react@19.2.1/node_modules/remotion/dist/esm/index.mjs:6386
[   21351ms] [WARNING] The AudioContext was not allowed to start. It must be resumed (or created) after a user gesture on the page. https://developer.chrome.com/blog/autoplay/#web_audio @ webpack-internal:///(app-pages-browser)/../../node_modules/.pnpm/remotion@4.0.474_react-dom@19.2.1_react@19.2.1__react@19.2.1/node_modules/remotion/dist/esm/index.mjs:6386
[   29685ms] [WARNING] Blocked aria-hidden on an element because its descendant retained focus. The focus must not be hidden from assistive technology users. Avoid using aria-hidden on a focused element or its ancestor. Consider using the inert attribute instead, which will also prevent focus. For more details, see the aria-hidden section of the WAI-ARIA specification at https://w3c.github.io/aria/#aria-hidden.
Element with focus: <button.inline-flex items-center px-3 sm:px-4 py-2 text-xs sm:text-sm font-medium transition-colors whitespace-nowrap relative text-foreground hover:text-primary#radix-_r_1i_>
Ancestor with aria-hidden: <header.sticky top-0 z-50 w-full border-b border-border/40 bg-background/80 backdrop-blur-md supports-[backdrop-filter]:bg-background/60 shadow-sm> @ http://localhost:3000/:0
[   32409ms] [LOG] %c[Vercel Speed Insights]%c [vitals] color: rgb(120, 120, 120) color: inherit {speed: 4g, metrics: Array(5), scriptVersion: 0.1.3, sdkName: @vercel/speed-insights/next, sdkVersion: 1.3.1} /_vercel/speed-insights/vitals @ webpack-internal:///(app-pages-browser)/../../node_modules/.pnpm/next@16.1.1_@babel+core@7.2_44ddf4d2a14008cea0ed17b1d2e3ad2c/node_modules/next/dist/next-devtools/shared/forward-logs-shared.js:27
[   32409ms] [LOG] %c[Vercel Speed Insights]%c [vitals] color: rgb(120, 120, 120) color: inherit {speed: 4g, metrics: Array(1), scriptVersion: 0.1.3, sdkName: @vercel/speed-insights/next, sdkVersion: 1.3.1} /_vercel/speed-insights/vitals @ webpack-internal:///(app-pages-browser)/../../node_modules/.pnpm/next@16.1.1_@babel+core@7.2_44ddf4d2a14008cea0ed17b1d2e3ad2c/node_modules/next/dist/next-devtools/shared/forward-logs-shared.js:27
